2025-03-01 19:01:26 - root - INFO - Logging initialized. Log file: /Users/proxim/Desktop/Automated-First-Screener-and-AI-Job-Matching-NLP-WebEngine/logs/app_log_20250301_190126.log
2025-03-01 19:01:30 - app.pages.upload_page - INFO - Loaded 120 resumes from storage
2025-03-01 19:01:30 - app.pages.upload_page - INFO - Loaded 1 job descriptions from storage
2025-03-01 19:01:33 - src.document_processor.embedder - INFO - Initializing embedder with model sentence-transformers/all-MiniLM-L6-v2 on cpu
2025-03-01 19:01:34 - src.document_processor.embedder - INFO - Model loaded successfully: sentence-transformers/all-MiniLM-L6-v2
2025-03-01 19:01:41 - src.document_processor.embedder - INFO - Initializing embedder with model sentence-transformers/all-MiniLM-L6-v2 on cpu
2025-03-01 19:01:42 - src.document_processor.embedder - INFO - Model loaded successfully: sentence-transformers/all-MiniLM-L6-v2
2025-03-01 19:01:52 - src.document_processor.embedder - INFO - Initializing embedder with model sentence-transformers/all-MiniLM-L6-v2 on cpu
2025-03-01 19:01:53 - src.document_processor.embedder - INFO - Model loaded successfully: sentence-transformers/all-MiniLM-L6-v2
2025-03-01 19:02:04 - src.document_processor.embedder - INFO - Initializing embedder with model sentence-transformers/all-MiniLM-L6-v2 on cpu
2025-03-01 19:02:05 - src.document_processor.embedder - INFO - Model loaded successfully: sentence-transformers/all-MiniLM-L6-v2
2025-03-01 19:02:08 - src.document_processor.embedder - INFO - Initializing embedder with model sentence-transformers/all-MiniLM-L6-v2 on cpu
2025-03-01 19:02:09 - src.document_processor.embedder - INFO - Model loaded successfully: sentence-transformers/all-MiniLM-L6-v2
2025-03-01 19:02:14 - src.document_processor.embedder - INFO - Initializing embedder with model sentence-transformers/all-MiniLM-L6-v2 on cpu
2025-03-01 19:02:15 - src.document_processor.embedder - INFO - Model loaded successfully: sentence-transformers/all-MiniLM-L6-v2
2025-03-01 19:02:18 - src.document_processor.embedder - INFO - Initializing embedder with model sentence-transformers/all-MiniLM-L6-v2 on cpu
2025-03-01 19:02:19 - src.document_processor.embedder - INFO - Model loaded successfully: sentence-transformers/all-MiniLM-L6-v2
2025-03-01 19:02:21 - src.document_processor.embedder - INFO - Initializing embedder with model sentence-transformers/all-MiniLM-L6-v2 on cpu
2025-03-01 19:02:22 - src.document_processor.embedder - INFO - Model loaded successfully: sentence-transformers/all-MiniLM-L6-v2
2025-03-01 19:02:36 - src.document_processor.embedder - INFO - Initializing embedder with model sentence-transformers/all-MiniLM-L6-v2 on cpu
2025-03-01 19:02:37 - src.document_processor.embedder - INFO - Initializing embedder with model sentence-transformers/all-MiniLM-L6-v2 on cpu
2025-03-01 19:02:37 - src.document_processor.embedder - INFO - Model loaded successfully: sentence-transformers/all-MiniLM-L6-v2
2025-03-01 19:02:38 - src.document_processor.embedder - INFO - Model loaded successfully: sentence-transformers/all-MiniLM-L6-v2
2025-03-01 19:02:40 - src.document_processor.embedder - INFO - Initializing embedder with model sentence-transformers/all-MiniLM-L6-v2 on cpu
2025-03-01 19:02:41 - src.document_processor.embedder - INFO - Model loaded successfully: sentence-transformers/all-MiniLM-L6-v2
2025-03-01 19:02:42 - src.document_processor.embedder - INFO - Initializing embedder with model sentence-transformers/all-MiniLM-L6-v2 on cpu
2025-03-01 19:02:42 - src.document_processor.embedder - INFO - Model loaded successfully: sentence-transformers/all-MiniLM-L6-v2
2025-03-01 19:02:52 - src.document_processor.embedder - INFO - Initializing embedder with model sentence-transformers/all-MiniLM-L6-v2 on cpu
2025-03-01 19:02:53 - src.document_processor.embedder - INFO - Model loaded successfully: sentence-transformers/all-MiniLM-L6-v2
2025-03-01 19:03:09 - src.document_processor.embedder - INFO - Initializing embedder with model sentence-transformers/all-MiniLM-L6-v2 on cpu
2025-03-01 19:03:10 - src.document_processor.embedder - INFO - Model loaded successfully: sentence-transformers/all-MiniLM-L6-v2
2025-03-01 19:38:27 - app.pages.upload_page - INFO - Loaded 120 resumes from storage
2025-03-01 19:38:27 - app.pages.upload_page - INFO - Loaded 1 job descriptions from storage
2025-03-01 19:38:30 - src.document_processor.embedder - INFO - Initializing embedder with model sentence-transformers/all-MiniLM-L6-v2 on cpu
2025-03-01 19:38:31 - src.document_processor.embedder - INFO - Model loaded successfully: sentence-transformers/all-MiniLM-L6-v2
2025-03-01 19:38:35 - src.document_processor.embedder - INFO - Initializing embedder with model sentence-transformers/all-MiniLM-L6-v2 on cpu
2025-03-01 19:38:35 - src.document_processor.embedder - INFO - Model loaded successfully: sentence-transformers/all-MiniLM-L6-v2
2025-03-01 19:38:43 - src.document_processor.embedder - INFO - Initializing embedder with model sentence-transformers/all-MiniLM-L6-v2 on cpu
2025-03-01 19:38:44 - src.document_processor.embedder - INFO - Model loaded successfully: sentence-transformers/all-MiniLM-L6-v2
2025-03-01 19:38:49 - src.document_processor.embedder - INFO - Initializing embedder with model sentence-transformers/all-MiniLM-L6-v2 on cpu
2025-03-01 19:38:49 - src.document_processor.embedder - INFO - Model loaded successfully: sentence-transformers/all-MiniLM-L6-v2
2025-03-01 19:39:19 - src.document_processor.embedder - INFO - Initializing embedder with model sentence-transformers/all-MiniLM-L6-v2 on cpu
2025-03-01 19:39:20 - src.document_processor.embedder - INFO - Model loaded successfully: sentence-transformers/all-MiniLM-L6-v2
2025-03-01 19:39:30 - src.document_processor.embedder - INFO - Initializing embedder with model sentence-transformers/all-MiniLM-L6-v2 on cpu
2025-03-01 19:39:30 - src.document_processor.embedder - INFO - Model loaded successfully: sentence-transformers/all-MiniLM-L6-v2
2025-03-01 19:39:33 - src.document_processor.embedder - INFO - Initializing embedder with model sentence-transformers/all-MiniLM-L6-v2 on cpu
2025-03-01 19:39:33 - src.document_processor.embedder - INFO - Model loaded successfully: sentence-transformers/all-MiniLM-L6-v2
2025-03-01 19:39:34 - src.document_processor.embedder - INFO - Initializing embedder with model sentence-transformers/all-MiniLM-L6-v2 on cpu
2025-03-01 19:39:34 - src.document_processor.embedder - INFO - Model loaded successfully: sentence-transformers/all-MiniLM-L6-v2
2025-03-01 19:39:40 - src.document_processor.embedder - INFO - Initializing embedder with model sentence-transformers/all-MiniLM-L6-v2 on cpu
2025-03-01 19:39:40 - src.document_processor.embedder - INFO - Model loaded successfully: sentence-transformers/all-MiniLM-L6-v2
2025-03-01 19:40:25 - app.pages.upload_page - INFO - Loaded 120 resumes from storage
2025-03-01 19:40:25 - app.pages.upload_page - INFO - Loaded 1 job descriptions from storage
2025-03-01 19:40:29 - src.document_processor.embedder - INFO - Initializing embedder with model sentence-transformers/all-MiniLM-L6-v2 on cpu
2025-03-01 19:40:30 - src.document_processor.embedder - INFO - Model loaded successfully: sentence-transformers/all-MiniLM-L6-v2
2025-03-01 19:41:01 - src.document_processor.embedder - INFO - Initializing embedder with model sentence-transformers/all-MiniLM-L6-v2 on cpu
2025-03-01 19:41:02 - src.document_processor.embedder - INFO - Model loaded successfully: sentence-transformers/all-MiniLM-L6-v2
