2025-03-23 15:20:26 - root - INFO - Logging initialized. Log file: /Users/proxim/Desktop/Automated-First-Screener-and-AI-Job-Matching-NLP-WebEngine/logs/app_log_20250323_152026.log
2025-03-23 15:20:33 - sentence_transformers.SentenceTransformer - INFO - Use pytorch device_name: mps
2025-03-23 15:20:33 - sentence_transformers.SentenceTransformer - INFO - Load pretrained SentenceTransformer: all-MiniLM-L6-v2
2025-03-23 15:20:36 - app.pages.upload_page - INFO - Loaded 9 resumes from storage
2025-03-23 15:20:36 - app.pages.upload_page - INFO - Loaded 2 job descriptions from storage
2025-03-23 15:20:39 - src.document_processor.embedder - INFO - Initializing embedder with pre-trained model sentence-transformers/all-MiniLM-L6-v2 on cpu
2025-03-23 15:20:39 - sentence_transformers.SentenceTransformer - INFO - Use pytorch device_name: mps
2025-03-23 15:20:39 - sentence_transformers.SentenceTransformer - INFO - Load pretrained SentenceTransformer: sentence-transformers/all-MiniLM-L6-v2
2025-03-23 15:20:50 - src.document_processor.embedder - INFO - Loaded model as SentenceTransformer: sentence-transformers/all-MiniLM-L6-v2
2025-03-23 15:20:55 - src.document_processor.embedder - INFO - Initializing embedder with pre-trained model sentence-transformers/all-MiniLM-L6-v2 on cpu
2025-03-23 15:20:55 - sentence_transformers.SentenceTransformer - INFO - Use pytorch device_name: mps
2025-03-23 15:20:55 - sentence_transformers.SentenceTransformer - INFO - Load pretrained SentenceTransformer: sentence-transformers/all-MiniLM-L6-v2
2025-03-23 15:20:58 - src.document_processor.embedder - INFO - Loaded model as SentenceTransformer: sentence-transformers/all-MiniLM-L6-v2
2025-03-23 15:21:01 - src.document_processor.embedder - INFO - Initializing embedder with pre-trained model sentence-transformers/all-MiniLM-L6-v2 on cpu
2025-03-23 15:21:01 - sentence_transformers.SentenceTransformer - INFO - Use pytorch device_name: mps
2025-03-23 15:21:01 - sentence_transformers.SentenceTransformer - INFO - Load pretrained SentenceTransformer: sentence-transformers/all-MiniLM-L6-v2
2025-03-23 15:21:02 - src.document_processor.embedder - INFO - Initializing embedder with pre-trained model sentence-transformers/all-MiniLM-L6-v2 on cpu
2025-03-23 15:21:02 - sentence_transformers.SentenceTransformer - INFO - Use pytorch device_name: mps
2025-03-23 15:21:02 - sentence_transformers.SentenceTransformer - INFO - Load pretrained SentenceTransformer: sentence-transformers/all-MiniLM-L6-v2
2025-03-23 15:21:03 - src.document_processor.embedder - INFO - Initializing embedder with pre-trained model sentence-transformers/all-MiniLM-L6-v2 on cpu
2025-03-23 15:21:03 - sentence_transformers.SentenceTransformer - INFO - Use pytorch device_name: mps
2025-03-23 15:21:03 - sentence_transformers.SentenceTransformer - INFO - Load pretrained SentenceTransformer: sentence-transformers/all-MiniLM-L6-v2
2025-03-23 15:21:05 - src.document_processor.embedder - INFO - Initializing embedder with pre-trained model sentence-transformers/all-MiniLM-L6-v2 on cpu
2025-03-23 15:21:05 - sentence_transformers.SentenceTransformer - INFO - Use pytorch device_name: mps
2025-03-23 15:21:05 - sentence_transformers.SentenceTransformer - INFO - Load pretrained SentenceTransformer: sentence-transformers/all-MiniLM-L6-v2
2025-03-23 15:21:05 - src.document_processor.embedder - INFO - Loaded model as SentenceTransformer: sentence-transformers/all-MiniLM-L6-v2
2025-03-23 15:21:06 - src.document_processor.embedder - INFO - Loaded model as SentenceTransformer: sentence-transformers/all-MiniLM-L6-v2
2025-03-23 15:21:10 - src.document_processor.embedder - INFO - Loaded model as SentenceTransformer: sentence-transformers/all-MiniLM-L6-v2
2025-03-23 15:21:10 - src.document_processor.embedder - INFO - Loaded model as SentenceTransformer: sentence-transformers/all-MiniLM-L6-v2
2025-03-23 15:21:13 - src.document_processor.embedder - INFO - Initializing embedder with pre-trained model sentence-transformers/all-MiniLM-L6-v2 on cpu
2025-03-23 15:21:13 - sentence_transformers.SentenceTransformer - INFO - Use pytorch device_name: mps
2025-03-23 15:21:13 - sentence_transformers.SentenceTransformer - INFO - Load pretrained SentenceTransformer: sentence-transformers/all-MiniLM-L6-v2
2025-03-23 15:21:23 - src.document_processor.embedder - INFO - Loaded model as SentenceTransformer: sentence-transformers/all-MiniLM-L6-v2
2025-03-23 15:21:25 - app.pages.analysis_page - INFO - Loaded job description: 92069209.pdf
2025-03-23 15:21:25 - app.pages.analysis_page - INFO - Loaded job description: jobdescription.txt
