2025-03-05 14:53:25 - root - INFO - Logging initialized. Log file: /Users/proxim/Desktop/Automated-First-Screener-and-AI-Job-Matching-NLP-WebEngine/logs/app_log_20250305_145325.log
2025-03-05 14:53:30 - app.pages.upload_page - INFO - Loaded 9 resumes from storage
2025-03-05 14:53:30 - app.pages.upload_page - INFO - Loaded 2 job descriptions from storage
2025-03-05 14:53:44 - src.document_processor.embedder - INFO - Initializing embedder with model sentence-transformers/all-MiniLM-L6-v2 on cpu
2025-03-05 14:53:45 - src.document_processor.embedder - INFO - Model loaded successfully: sentence-transformers/all-MiniLM-L6-v2
2025-03-05 14:53:50 - src.document_processor.embedder - INFO - Initializing embedder with model sentence-transformers/all-MiniLM-L6-v2 on cpu
2025-03-05 14:53:51 - src.document_processor.embedder - INFO - Model loaded successfully: sentence-transformers/all-MiniLM-L6-v2
2025-03-05 14:53:54 - src.document_processor.embedder - INFO - Initializing embedder with model sentence-transformers/all-MiniLM-L6-v2 on cpu
2025-03-05 14:53:55 - src.document_processor.embedder - INFO - Model loaded successfully: sentence-transformers/all-MiniLM-L6-v2
2025-03-05 14:53:57 - src.document_processor.embedder - INFO - Initializing embedder with model sentence-transformers/all-MiniLM-L6-v2 on cpu
2025-03-05 14:53:58 - src.document_processor.embedder - INFO - Model loaded successfully: sentence-transformers/all-MiniLM-L6-v2
2025-03-05 14:53:58 - src.document_processor.embedder - INFO - Initializing embedder with model sentence-transformers/all-MiniLM-L6-v2 on cpu
2025-03-05 14:53:58 - src.document_processor.embedder - INFO - Model loaded successfully: sentence-transformers/all-MiniLM-L6-v2
2025-03-05 14:54:02 - src.document_processor.embedder - INFO - Initializing embedder with model sentence-transformers/all-MiniLM-L6-v2 on cpu
2025-03-05 14:54:03 - src.document_processor.embedder - INFO - Model loaded successfully: sentence-transformers/all-MiniLM-L6-v2
2025-03-05 14:54:11 - src.document_processor.embedder - INFO - Initializing embedder with model sentence-transformers/all-MiniLM-L6-v2 on cpu
2025-03-05 14:54:12 - src.document_processor.embedder - INFO - Model loaded successfully: sentence-transformers/all-MiniLM-L6-v2
2025-03-05 14:54:45 - app.pages.upload_page - INFO - Loaded 9 resumes from storage
2025-03-05 14:54:45 - app.pages.upload_page - INFO - Loaded 2 job descriptions from storage
2025-03-05 14:54:47 - src.document_processor.embedder - INFO - Initializing embedder with model sentence-transformers/all-MiniLM-L6-v2 on cpu
2025-03-05 14:54:48 - src.document_processor.embedder - INFO - Model loaded successfully: sentence-transformers/all-MiniLM-L6-v2
2025-03-05 14:54:51 - src.document_processor.embedder - INFO - Initializing embedder with model sentence-transformers/all-MiniLM-L6-v2 on cpu
2025-03-05 14:54:52 - src.document_processor.embedder - INFO - Model loaded successfully: sentence-transformers/all-MiniLM-L6-v2
2025-03-05 14:54:56 - src.document_processor.embedder - INFO - Initializing embedder with model sentence-transformers/all-MiniLM-L6-v2 on cpu
2025-03-05 14:54:57 - src.document_processor.embedder - INFO - Model loaded successfully: sentence-transformers/all-MiniLM-L6-v2
2025-03-05 14:55:00 - src.document_processor.embedder - INFO - Initializing embedder with model sentence-transformers/all-MiniLM-L6-v2 on cpu
2025-03-05 14:55:00 - src.document_processor.embedder - INFO - Model loaded successfully: sentence-transformers/all-MiniLM-L6-v2
2025-03-05 14:55:01 - src.document_processor.embedder - INFO - Initializing embedder with model sentence-transformers/all-MiniLM-L6-v2 on cpu
2025-03-05 14:55:01 - src.document_processor.embedder - INFO - Initializing embedder with model sentence-transformers/all-MiniLM-L6-v2 on cpu
2025-03-05 14:55:01 - src.document_processor.embedder - INFO - Model loaded successfully: sentence-transformers/all-MiniLM-L6-v2
2025-03-05 14:55:02 - src.document_processor.embedder - INFO - Model loaded successfully: sentence-transformers/all-MiniLM-L6-v2
