2025-03-21 09:13:40 - root - INFO - Logging initialized. Log file: /Users/proxim/Desktop/Automated-First-Screener-and-AI-Job-Matching-NLP-WebEngine/logs/app_log_20250321_091340.log
2025-03-21 09:13:46 - app.pages.upload_page - INFO - Loaded 9 resumes from storage
2025-03-21 09:13:46 - app.pages.upload_page - INFO - Loaded 2 job descriptions from storage
2025-03-21 09:13:50 - src.document_processor.embedder - INFO - Initializing embedder with pre-trained model sentence-transformers/all-MiniLM-L6-v2 on cpu
2025-03-21 09:13:50 - sentence_transformers.SentenceTransformer - INFO - Use pytorch device_name: mps
2025-03-21 09:13:50 - sentence_transformers.SentenceTransformer - INFO - Load pretrained SentenceTransformer: sentence-transformers/all-MiniLM-L6-v2
2025-03-21 09:13:53 - src.document_processor.embedder - INFO - Loaded model as SentenceTransformer: sentence-transformers/all-MiniLM-L6-v2
2025-03-21 09:15:45 - src.document_processor.embedder - INFO - Initializing embedder with pre-trained model sentence-transformers/all-MiniLM-L6-v2 on cpu
2025-03-21 09:15:45 - sentence_transformers.SentenceTransformer - INFO - Use pytorch device_name: mps
2025-03-21 09:15:45 - sentence_transformers.SentenceTransformer - INFO - Load pretrained SentenceTransformer: sentence-transformers/all-MiniLM-L6-v2
2025-03-21 09:15:48 - src.document_processor.embedder - INFO - Loaded model as SentenceTransformer: sentence-transformers/all-MiniLM-L6-v2
2025-03-21 09:16:08 - src.document_processor.embedder - INFO - Initializing embedder with pre-trained model sentence-transformers/all-MiniLM-L6-v2 on cpu
2025-03-21 09:16:08 - sentence_transformers.SentenceTransformer - INFO - Use pytorch device_name: mps
2025-03-21 09:16:08 - sentence_transformers.SentenceTransformer - INFO - Load pretrained SentenceTransformer: sentence-transformers/all-MiniLM-L6-v2
2025-03-21 09:16:10 - src.document_processor.embedder - INFO - Initializing embedder with pre-trained model sentence-transformers/all-MiniLM-L6-v2 on cpu
2025-03-21 09:16:10 - sentence_transformers.SentenceTransformer - INFO - Use pytorch device_name: mps
2025-03-21 09:16:10 - sentence_transformers.SentenceTransformer - INFO - Load pretrained SentenceTransformer: sentence-transformers/all-MiniLM-L6-v2
2025-03-21 09:16:15 - src.document_processor.embedder - INFO - Loaded model as SentenceTransformer: sentence-transformers/all-MiniLM-L6-v2
2025-03-21 09:16:16 - src.document_processor.embedder - INFO - Loaded model as SentenceTransformer: sentence-transformers/all-MiniLM-L6-v2
2025-03-21 09:18:33 - src.document_processor.embedder - INFO - Initializing embedder with pre-trained model sentence-transformers/all-MiniLM-L6-v2 on cpu
2025-03-21 09:18:33 - sentence_transformers.SentenceTransformer - INFO - Use pytorch device_name: mps
2025-03-21 09:18:33 - sentence_transformers.SentenceTransformer - INFO - Load pretrained SentenceTransformer: sentence-transformers/all-MiniLM-L6-v2
2025-03-21 09:18:38 - src.document_processor.embedder - INFO - Loaded model as SentenceTransformer: sentence-transformers/all-MiniLM-L6-v2
2025-03-21 09:18:52 - src.document_processor.embedder - INFO - Initializing embedder with pre-trained model sentence-transformers/all-MiniLM-L6-v2 on cpu
2025-03-21 09:18:52 - sentence_transformers.SentenceTransformer - INFO - Use pytorch device_name: mps
2025-03-21 09:18:52 - sentence_transformers.SentenceTransformer - INFO - Load pretrained SentenceTransformer: sentence-transformers/all-MiniLM-L6-v2
2025-03-21 09:18:55 - src.document_processor.embedder - INFO - Loaded model as SentenceTransformer: sentence-transformers/all-MiniLM-L6-v2
2025-03-21 09:20:46 - app.pages.analysis_page - INFO - Loaded job description: 92069209.pdf
2025-03-21 09:20:46 - app.pages.analysis_page - INFO - Loaded job description: jobdescription.txt
