2025-02-27 16:24:34 - root - INFO - Logging initialized. Log file: /Users/proxim/Desktop/Automated-First-Screener-and-AI-Job-Matching-NLP-WebEngine/logs/app_log_20250227_162434.log
2025-02-27 16:24:38 - faiss.loader - INFO - Loading faiss.
2025-02-27 16:24:38 - faiss.loader - INFO - Successfully loaded faiss.
2025-02-27 16:24:38 - faiss - INFO - Failed to load GPU Faiss: name 'GpuIndexIVFFlat' is not defined. Will not load constructor refs for GPU indexes.
2025-02-27 16:24:52 - app.pages.upload_page - INFO - Successfully processed resume: resume.pdf
2025-02-27 16:24:57 - app.pages.upload_page - INFO - Successfully processed job description: jobdescription.txt
2025-02-27 16:25:00 - src.document_processor.embedder - INFO - Initializing embedder with model sentence-transformers/all-MiniLM-L6-v2 on cpu
2025-02-27 16:25:02 - src.document_processor.embedder - INFO - Model loaded successfully: sentence-transformers/all-MiniLM-L6-v2
2025-02-27 16:25:02 - app.pages.matching_page - INFO - Initialized embedder and search engine
2025-02-27 16:25:06 - src.document_processor.embedder - INFO - Initializing embedder with model sentence-transformers/all-MiniLM-L6-v2 on cpu
2025-02-27 16:25:07 - src.document_processor.embedder - INFO - Model loaded successfully: sentence-transformers/all-MiniLM-L6-v2
2025-02-27 16:25:07 - app.pages.matching_page - INFO - Initialized embedder and search engine
2025-02-27 16:25:07 - src.matching_engine.hybrid_search - ERROR - Error extracting keywords: 'TfidfVectorizer' object has no attribute 'vocabulary_'
2025-02-27 16:25:07 - src.matching_engine.hybrid_search - ERROR - Error extracting keywords: 'TfidfVectorizer' object has no attribute 'vocabulary_'
2025-02-27 16:25:07 - src.matching_engine.hybrid_search - ERROR - Error extracting keywords: 'TfidfVectorizer' object has no attribute 'vocabulary_'
2025-02-27 16:25:07 - src.matching_engine.hybrid_search - ERROR - Error extracting keywords: 'TfidfVectorizer' object has no attribute 'vocabulary_'
2025-02-27 16:25:07 - src.matching_engine.hybrid_search - ERROR - Error extracting keywords: 'TfidfVectorizer' object has no attribute 'vocabulary_'
2025-02-27 16:25:07 - src.matching_engine.hybrid_search - ERROR - Error extracting keywords: 'TfidfVectorizer' object has no attribute 'vocabulary_'
2025-02-27 16:25:29 - src.document_processor.embedder - INFO - Initializing embedder with model sentence-transformers/all-MiniLM-L6-v2 on cpu
2025-02-27 16:25:30 - src.document_processor.embedder - INFO - Model loaded successfully: sentence-transformers/all-MiniLM-L6-v2
2025-02-27 16:25:30 - app.pages.matching_page - INFO - Initialized embedder and search engine
2025-02-27 16:25:30 - src.matching_engine.hybrid_search - ERROR - Error extracting keywords: 'TfidfVectorizer' object has no attribute 'vocabulary_'
2025-02-27 16:25:30 - src.matching_engine.hybrid_search - ERROR - Error extracting keywords: 'TfidfVectorizer' object has no attribute 'vocabulary_'
2025-02-27 16:25:30 - src.matching_engine.hybrid_search - ERROR - Error extracting keywords: 'TfidfVectorizer' object has no attribute 'vocabulary_'
2025-02-27 16:25:30 - src.matching_engine.hybrid_search - ERROR - Error extracting keywords: 'TfidfVectorizer' object has no attribute 'vocabulary_'
2025-02-27 16:25:30 - src.matching_engine.hybrid_search - ERROR - Error extracting keywords: 'TfidfVectorizer' object has no attribute 'vocabulary_'
2025-02-27 16:25:30 - src.matching_engine.hybrid_search - ERROR - Error extracting keywords: 'TfidfVectorizer' object has no attribute 'vocabulary_'
2025-02-27 16:25:47 - src.document_processor.embedder - INFO - Initializing embedder with model sentence-transformers/all-MiniLM-L6-v2 on cpu
2025-02-27 16:25:48 - src.document_processor.embedder - INFO - Model loaded successfully: sentence-transformers/all-MiniLM-L6-v2
2025-02-27 16:25:48 - app.pages.matching_page - INFO - Initialized embedder and search engine
2025-02-27 16:25:51 - src.document_processor.embedder - INFO - Initializing embedder with model sentence-transformers/all-MiniLM-L6-v2 on cpu
2025-02-27 16:25:52 - src.document_processor.embedder - INFO - Model loaded successfully: sentence-transformers/all-MiniLM-L6-v2
2025-02-27 16:25:52 - app.pages.matching_page - INFO - Initialized embedder and search engine
2025-02-27 16:25:52 - src.matching_engine.hybrid_search - ERROR - Error extracting keywords: 'TfidfVectorizer' object has no attribute 'vocabulary_'
2025-02-27 16:25:52 - src.matching_engine.hybrid_search - ERROR - Error extracting keywords: 'TfidfVectorizer' object has no attribute 'vocabulary_'
2025-02-27 16:25:52 - src.matching_engine.hybrid_search - ERROR - Error extracting keywords: 'TfidfVectorizer' object has no attribute 'vocabulary_'
2025-02-27 16:25:52 - src.matching_engine.hybrid_search - ERROR - Error extracting keywords: 'TfidfVectorizer' object has no attribute 'vocabulary_'
2025-02-27 16:25:52 - src.matching_engine.hybrid_search - ERROR - Error extracting keywords: 'TfidfVectorizer' object has no attribute 'vocabulary_'
2025-02-27 16:25:52 - src.matching_engine.hybrid_search - ERROR - Error extracting keywords: 'TfidfVectorizer' object has no attribute 'vocabulary_'
2025-02-27 16:26:04 - src.nlp.summarizer - INFO - Initializing summarizer with model facebook/bart-large-cnn on cpu
