2025-03-05 07:56:59 - root - INFO - Logging initialized. Log file: /Users/proxim/Desktop/Automated-First-Screener-and-AI-Job-Matching-NLP-WebEngine/logs/app_log_20250305_075659.log
2025-03-05 07:57:05 - faiss.loader - INFO - Loading faiss.
2025-03-05 07:57:06 - faiss.loader - INFO - Successfully loaded faiss.
2025-03-05 07:57:06 - faiss - INFO - Failed to load GPU Faiss: name 'GpuIndexIVFFlat' is not defined. Will not load constructor refs for GPU indexes.
2025-03-05 07:57:06 - app.pages.upload_page - INFO - Loaded 9 resumes from storage
2025-03-05 07:57:06 - app.pages.upload_page - INFO - Loaded 2 job descriptions from storage
2025-03-05 07:57:08 - src.document_processor.embedder - INFO - Initializing embedder with model sentence-transformers/all-MiniLM-L6-v2 on cpu
2025-03-05 07:57:09 - src.document_processor.embedder - INFO - Model loaded successfully: sentence-transformers/all-MiniLM-L6-v2
2025-03-05 07:57:13 - src.document_processor.embedder - INFO - Initializing embedder with model sentence-transformers/all-MiniLM-L6-v2 on cpu
2025-03-05 07:57:14 - src.document_processor.embedder - INFO - Model loaded successfully: sentence-transformers/all-MiniLM-L6-v2
2025-03-05 07:57:28 - src.document_processor.embedder - INFO - Initializing embedder with model sentence-transformers/all-MiniLM-L6-v2 on cpu
2025-03-05 07:57:29 - src.document_processor.embedder - INFO - Initializing embedder with model sentence-transformers/all-MiniLM-L6-v2 on cpu
2025-03-05 07:57:30 - src.document_processor.embedder - INFO - Model loaded successfully: sentence-transformers/all-MiniLM-L6-v2
2025-03-05 07:57:31 - src.document_processor.embedder - INFO - Initializing embedder with model sentence-transformers/all-MiniLM-L6-v2 on cpu
2025-03-05 07:57:31 - src.document_processor.embedder - INFO - Model loaded successfully: sentence-transformers/all-MiniLM-L6-v2
2025-03-05 07:57:32 - src.document_processor.embedder - INFO - Model loaded successfully: sentence-transformers/all-MiniLM-L6-v2
2025-03-05 07:57:34 - src.document_processor.embedder - INFO - Initializing embedder with model sentence-transformers/all-MiniLM-L6-v2 on cpu
2025-03-05 07:57:34 - src.document_processor.embedder - INFO - Model loaded successfully: sentence-transformers/all-MiniLM-L6-v2
2025-03-05 07:57:36 - sentence_transformers.SentenceTransformer - INFO - Use pytorch device_name: mps
2025-03-05 07:57:36 - sentence_transformers.SentenceTransformer - INFO - Load pretrained SentenceTransformer: sentence-transformers/all-MiniLM-L6-v2
2025-03-05 07:57:41 - src.vector_store.faiss_store - INFO - Added document chunk_0 to FAISS store
2025-03-05 07:57:41 - src.vector_store.faiss_store - INFO - Added document chunk_1 to FAISS store
2025-03-05 07:57:41 - src.vector_store.faiss_store - INFO - Added document chunk_2 to FAISS store
2025-03-05 07:57:41 - src.vector_store.faiss_store - INFO - Added document chunk_3 to FAISS store
2025-03-05 07:57:41 - app.pages.analysis_page - ERROR - Error building QA chain: "FAISSRetriever" object has no field "faiss_store"
2025-03-05 07:58:01 - src.document_processor.embedder - INFO - Initializing embedder with model sentence-transformers/all-MiniLM-L6-v2 on cpu
2025-03-05 07:58:01 - src.document_processor.embedder - INFO - Model loaded successfully: sentence-transformers/all-MiniLM-L6-v2
2025-03-05 07:58:08 - src.document_processor.embedder - INFO - Initializing embedder with model sentence-transformers/all-MiniLM-L6-v2 on cpu
2025-03-05 07:58:08 - src.document_processor.embedder - INFO - Model loaded successfully: sentence-transformers/all-MiniLM-L6-v2
2025-03-05 07:58:11 - src.document_processor.embedder - INFO - Initializing embedder with model sentence-transformers/all-MiniLM-L6-v2 on cpu
2025-03-05 07:58:12 - src.document_processor.embedder - INFO - Model loaded successfully: sentence-transformers/all-MiniLM-L6-v2
2025-03-05 07:58:15 - src.vector_store.faiss_store - INFO - Added document chunk_0 to FAISS store
2025-03-05 07:58:15 - src.vector_store.faiss_store - INFO - Added document chunk_1 to FAISS store
2025-03-05 07:58:15 - src.vector_store.faiss_store - INFO - Added document chunk_2 to FAISS store
2025-03-05 07:58:15 - src.vector_store.faiss_store - INFO - Added document chunk_3 to FAISS store
2025-03-05 07:58:15 - app.pages.analysis_page - ERROR - Error building QA chain: "FAISSRetriever" object has no field "faiss_store"
2025-03-05 08:01:47 - app.pages.upload_page - INFO - Loaded 9 resumes from storage
2025-03-05 08:01:47 - app.pages.upload_page - INFO - Loaded 2 job descriptions from storage
