2025-03-05 09:43:02 - root - INFO - Logging initialized. Log file: /Users/proxim/Desktop/Automated-First-Screener-and-AI-Job-Matching-NLP-WebEngine/logs/app_log_20250305_094302.log
2025-03-05 09:43:06 - app.pages.upload_page - INFO - Loaded 9 resumes from storage
2025-03-05 09:43:06 - app.pages.upload_page - INFO - Loaded 2 job descriptions from storage
2025-03-05 09:43:09 - src.document_processor.embedder - INFO - Initializing embedder with model sentence-transformers/all-MiniLM-L6-v2 on cpu
2025-03-05 09:43:10 - src.document_processor.embedder - INFO - Model loaded successfully: sentence-transformers/all-MiniLM-L6-v2
2025-03-05 09:43:14 - src.document_processor.embedder - INFO - Initializing embedder with model sentence-transformers/all-MiniLM-L6-v2 on cpu
2025-03-05 09:43:15 - src.document_processor.embedder - INFO - Model loaded successfully: sentence-transformers/all-MiniLM-L6-v2
2025-03-05 09:43:18 - src.document_processor.embedder - INFO - Initializing embedder with model sentence-transformers/all-MiniLM-L6-v2 on cpu
2025-03-05 09:43:19 - src.document_processor.embedder - INFO - Initializing embedder with model sentence-transformers/all-MiniLM-L6-v2 on cpu
2025-03-05 09:43:19 - src.document_processor.embedder - INFO - Model loaded successfully: sentence-transformers/all-MiniLM-L6-v2
2025-03-05 09:43:19 - src.document_processor.embedder - INFO - Model loaded successfully: sentence-transformers/all-MiniLM-L6-v2
2025-03-05 09:43:24 - src.document_processor.embedder - INFO - Initializing embedder with model sentence-transformers/all-MiniLM-L6-v2 on cpu
2025-03-05 09:43:24 - src.document_processor.embedder - INFO - Model loaded successfully: sentence-transformers/all-MiniLM-L6-v2
2025-03-05 09:43:26 - src.document_processor.embedder - INFO - Initializing embedder with model sentence-transformers/all-MiniLM-L6-v2 on cpu
2025-03-05 09:43:27 - src.document_processor.embedder - INFO - Model loaded successfully: sentence-transformers/all-MiniLM-L6-v2
2025-03-05 09:43:30 - app.pages.analysis_page - ERROR - HF API error: 403 - {"error":"The model microsoft/phi-4 is too large to be loaded automatically (29GB > 10GB)."}
2025-03-05 09:43:30 - app.pages.analysis_page - ERROR - HF API error: 403 - {"error":"The model microsoft/phi-4 is too large to be loaded automatically (29GB > 10GB)."}
2025-03-05 09:43:31 - app.pages.analysis_page - ERROR - HF API error: 403 - {"error":"The model microsoft/phi-4 is too large to be loaded automatically (29GB > 10GB)."}
2025-03-05 09:43:31 - app.pages.analysis_page - ERROR - HF API error: 403 - {"error":"The model microsoft/phi-4 is too large to be loaded automatically (29GB > 10GB)."}
2025-03-05 09:43:32 - app.pages.analysis_page - ERROR - HF API error: 403 - {"error":"The model microsoft/phi-4 is too large to be loaded automatically (29GB > 10GB)."}
2025-03-05 09:43:33 - app.pages.analysis_page - ERROR - HF API error: 403 - {"error":"The model microsoft/phi-4 is too large to be loaded automatically (29GB > 10GB)."}
