2025-02-27 16:55:12 - root - INFO - Logging initialized. Log file: /Users/proxim/Desktop/Automated-First-Screener-and-AI-Job-Matching-NLP-WebEngine/logs/app_log_20250227_165512.log
2025-02-27 16:55:39 - app.pages.upload_page - INFO - Successfully processed resume: resume.pdf
2025-02-27 16:55:43 - app.pages.upload_page - INFO - Successfully processed job_description: jobdescription.txt
2025-02-27 16:55:44 - src.document_processor.embedder - INFO - Initializing embedder with model sentence-transformers/all-MiniLM-L6-v2 on cpu
2025-02-27 16:55:45 - src.document_processor.embedder - INFO - Model loaded successfully: sentence-transformers/all-MiniLM-L6-v2
2025-02-27 16:55:47 - src.document_processor.embedder - INFO - Initializing embedder with model sentence-transformers/all-MiniLM-L6-v2 on cpu
2025-02-27 16:55:48 - src.document_processor.embedder - INFO - Model loaded successfully: sentence-transformers/all-MiniLM-L6-v2
2025-02-27 16:55:56 - src.document_processor.embedder - INFO - Initializing embedder with model sentence-transformers/all-MiniLM-L6-v2 on cpu
2025-02-27 16:55:57 - src.document_processor.embedder - INFO - Model loaded successfully: sentence-transformers/all-MiniLM-L6-v2
2025-02-27 18:18:50 - app.pages.upload_page - INFO - Successfully processed job_description: jobdescription.txt
2025-02-27 18:18:52 - app.pages.upload_page - INFO - Successfully processed resume: resume.pdf
2025-02-27 18:18:55 - src.document_processor.embedder - INFO - Initializing embedder with model sentence-transformers/all-MiniLM-L6-v2 on cpu
2025-02-27 18:18:55 - src.document_processor.embedder - INFO - Model loaded successfully: sentence-transformers/all-MiniLM-L6-v2
2025-02-27 18:18:58 - src.document_processor.embedder - INFO - Initializing embedder with model sentence-transformers/all-MiniLM-L6-v2 on cpu
2025-02-27 18:18:58 - src.document_processor.embedder - INFO - Model loaded successfully: sentence-transformers/all-MiniLM-L6-v2
2025-02-27 20:39:51 - src.nlp.summarizer - INFO - Initializing summarizer with model facebook/bart-large-cnn on cpu
2025-02-27 20:40:04 - src.document_processor.embedder - INFO - Initializing embedder with model sentence-transformers/all-MiniLM-L6-v2 on cpu
2025-02-27 20:40:04 - src.nlp.summarizer - INFO - Initializing summarizer with model facebook/bart-large-cnn on cpu
2025-02-27 20:40:06 - src.document_processor.embedder - INFO - Model loaded successfully: sentence-transformers/all-MiniLM-L6-v2
2025-02-27 20:40:23 - src.document_processor.embedder - INFO - Initializing embedder with model sentence-transformers/all-MiniLM-L6-v2 on cpu
2025-02-27 20:40:25 - src.document_processor.embedder - INFO - Model loaded successfully: sentence-transformers/all-MiniLM-L6-v2
2025-02-27 20:41:30 - src.nlp.summarizer - INFO - Initializing summarizer with model facebook/bart-large-cnn on cpu
2025-02-27 20:41:32 - src.document_processor.embedder - INFO - Initializing embedder with model sentence-transformers/all-MiniLM-L6-v2 on cpu
2025-02-27 20:41:33 - src.document_processor.embedder - INFO - Model loaded successfully: sentence-transformers/all-MiniLM-L6-v2
