2025-03-21 09:23:15 - root - INFO - Logging initialized. Log file: /Users/proxim/Desktop/Automated-First-Screener-and-AI-Job-Matching-NLP-WebEngine/logs/app_log_20250321_092315.log
2025-03-21 09:23:21 - app.pages.upload_page - INFO - Loaded 9 resumes from storage
2025-03-21 09:23:21 - app.pages.upload_page - INFO - Loaded 2 job descriptions from storage
2025-03-21 09:23:26 - src.document_processor.embedder - INFO - Initializing embedder with pre-trained model sentence-transformers/all-MiniLM-L6-v2 on cpu
2025-03-21 09:23:26 - sentence_transformers.SentenceTransformer - INFO - Use pytorch device_name: mps
2025-03-21 09:23:26 - sentence_transformers.SentenceTransformer - INFO - Load pretrained SentenceTransformer: sentence-transformers/all-MiniLM-L6-v2
2025-03-21 09:23:30 - src.document_processor.embedder - INFO - Loaded model as SentenceTransformer: sentence-transformers/all-MiniLM-L6-v2
2025-03-21 09:23:33 - src.document_processor.embedder - INFO - Initializing embedder with pre-trained model sentence-transformers/all-MiniLM-L6-v2 on cpu
2025-03-21 09:23:33 - sentence_transformers.SentenceTransformer - INFO - Use pytorch device_name: mps
2025-03-21 09:23:33 - sentence_transformers.SentenceTransformer - INFO - Load pretrained SentenceTransformer: sentence-transformers/all-MiniLM-L6-v2
2025-03-21 09:23:36 - src.document_processor.embedder - INFO - Loaded model as SentenceTransformer: sentence-transformers/all-MiniLM-L6-v2
2025-03-21 09:23:39 - src.document_processor.embedder - INFO - Initializing embedder with pre-trained model sentence-transformers/all-MiniLM-L6-v2 on cpu
2025-03-21 09:23:39 - sentence_transformers.SentenceTransformer - INFO - Use pytorch device_name: mps
2025-03-21 09:23:39 - sentence_transformers.SentenceTransformer - INFO - Load pretrained SentenceTransformer: sentence-transformers/all-MiniLM-L6-v2
2025-03-21 09:23:43 - src.document_processor.embedder - INFO - Loaded model as SentenceTransformer: sentence-transformers/all-MiniLM-L6-v2
2025-03-21 09:23:45 - src.document_processor.embedder - INFO - Initializing embedder with pre-trained model sentence-transformers/all-MiniLM-L6-v2 on cpu
2025-03-21 09:23:45 - sentence_transformers.SentenceTransformer - INFO - Use pytorch device_name: mps
2025-03-21 09:23:45 - sentence_transformers.SentenceTransformer - INFO - Load pretrained SentenceTransformer: sentence-transformers/all-MiniLM-L6-v2
2025-03-21 09:23:49 - src.document_processor.embedder - INFO - Loaded model as SentenceTransformer: sentence-transformers/all-MiniLM-L6-v2
2025-03-21 09:40:23 - src.document_processor.embedder - INFO - Initializing embedder with pre-trained model sentence-transformers/all-MiniLM-L6-v2 on cpu
2025-03-21 09:40:23 - sentence_transformers.SentenceTransformer - INFO - Use pytorch device_name: mps
2025-03-21 09:40:23 - sentence_transformers.SentenceTransformer - INFO - Load pretrained SentenceTransformer: sentence-transformers/all-MiniLM-L6-v2
2025-03-21 09:40:26 - src.document_processor.embedder - INFO - Loaded model as SentenceTransformer: sentence-transformers/all-MiniLM-L6-v2
2025-03-21 09:40:31 - src.document_processor.embedder - INFO - Initializing embedder with pre-trained model sentence-transformers/all-MiniLM-L6-v2 on cpu
2025-03-21 09:40:31 - sentence_transformers.SentenceTransformer - INFO - Use pytorch device_name: mps
2025-03-21 09:40:31 - sentence_transformers.SentenceTransformer - INFO - Load pretrained SentenceTransformer: sentence-transformers/all-MiniLM-L6-v2
2025-03-21 09:40:34 - src.document_processor.embedder - INFO - Loaded model as SentenceTransformer: sentence-transformers/all-MiniLM-L6-v2
2025-03-21 09:41:15 - src.document_processor.embedder - INFO - Initializing embedder with pre-trained model sentence-transformers/all-MiniLM-L6-v2 on cpu
2025-03-21 09:41:15 - sentence_transformers.SentenceTransformer - INFO - Use pytorch device_name: mps
2025-03-21 09:41:15 - sentence_transformers.SentenceTransformer - INFO - Load pretrained SentenceTransformer: sentence-transformers/all-MiniLM-L6-v2
2025-03-21 09:41:19 - src.document_processor.embedder - INFO - Loaded model as SentenceTransformer: sentence-transformers/all-MiniLM-L6-v2
2025-03-21 09:41:25 - src.document_processor.embedder - INFO - Initializing embedder with pre-trained model sentence-transformers/all-MiniLM-L6-v2 on cpu
2025-03-21 09:41:25 - sentence_transformers.SentenceTransformer - INFO - Use pytorch device_name: mps
2025-03-21 09:41:25 - sentence_transformers.SentenceTransformer - INFO - Load pretrained SentenceTransformer: sentence-transformers/all-MiniLM-L6-v2
2025-03-21 09:41:29 - src.document_processor.embedder - INFO - Loaded model as SentenceTransformer: sentence-transformers/all-MiniLM-L6-v2
2025-03-21 09:41:35 - src.document_processor.embedder - INFO - Initializing embedder with pre-trained model sentence-transformers/all-MiniLM-L6-v2 on cpu
2025-03-21 09:41:35 - sentence_transformers.SentenceTransformer - INFO - Use pytorch device_name: mps
2025-03-21 09:41:35 - sentence_transformers.SentenceTransformer - INFO - Load pretrained SentenceTransformer: sentence-transformers/all-MiniLM-L6-v2
2025-03-21 09:41:36 - src.document_processor.embedder - INFO - Initializing embedder with pre-trained model sentence-transformers/all-MiniLM-L6-v2 on cpu
2025-03-21 09:41:36 - sentence_transformers.SentenceTransformer - INFO - Use pytorch device_name: mps
2025-03-21 09:41:36 - sentence_transformers.SentenceTransformer - INFO - Load pretrained SentenceTransformer: sentence-transformers/all-MiniLM-L6-v2
2025-03-21 09:41:38 - src.document_processor.embedder - INFO - Loaded model as SentenceTransformer: sentence-transformers/all-MiniLM-L6-v2
2025-03-21 09:41:39 - src.document_processor.embedder - INFO - Loaded model as SentenceTransformer: sentence-transformers/all-MiniLM-L6-v2
2025-03-21 09:41:42 - src.document_processor.embedder - INFO - Initializing embedder with pre-trained model sentence-transformers/all-MiniLM-L6-v2 on cpu
2025-03-21 09:41:42 - sentence_transformers.SentenceTransformer - INFO - Use pytorch device_name: mps
2025-03-21 09:41:42 - sentence_transformers.SentenceTransformer - INFO - Load pretrained SentenceTransformer: sentence-transformers/all-MiniLM-L6-v2
2025-03-21 09:41:45 - src.document_processor.embedder - INFO - Loaded model as SentenceTransformer: sentence-transformers/all-MiniLM-L6-v2
2025-03-21 09:41:51 - app.pages.analysis_page - INFO - Loaded job description: 92069209.pdf
2025-03-21 09:41:51 - app.pages.analysis_page - INFO - Loaded job description: jobdescription.txt
