2025-02-27 21:23:41 - root - INFO - Logging initialized. Log file: /Users/proxim/Desktop/Automated-First-Screener-and-AI-Job-Matching-NLP-WebEngine/logs/app_log_20250227_212341.log
2025-02-27 21:23:59 - app.pages.upload_page - INFO - Successfully processed resume: resume.pdf
2025-02-27 21:24:03 - app.pages.upload_page - INFO - Successfully processed job_description: jobdescription.txt
2025-02-27 21:24:12 - src.document_processor.embedder - INFO - Initializing embedder with model sentence-transformers/all-MiniLM-L6-v2 on cpu
2025-02-27 21:24:13 - src.document_processor.embedder - INFO - Model loaded successfully: sentence-transformers/all-MiniLM-L6-v2
2025-02-27 21:24:19 - src.document_processor.embedder - INFO - Initializing embedder with model sentence-transformers/all-MiniLM-L6-v2 on cpu
2025-02-27 21:24:19 - src.document_processor.embedder - INFO - Model loaded successfully: sentence-transformers/all-MiniLM-L6-v2
2025-02-27 21:27:38 - src.document_processor.embedder - INFO - Initializing embedder with model sentence-transformers/all-MiniLM-L6-v2 on cpu
2025-02-27 21:27:48 - src.document_processor.embedder - INFO - Model loaded successfully: sentence-transformers/all-MiniLM-L6-v2
2025-02-27 21:27:53 - app.pages.upload_page - INFO - Successfully processed resume: resume.pdf
2025-02-27 21:27:59 - app.pages.upload_page - INFO - Successfully processed job_description: jobdescription.txt
2025-02-27 21:28:02 - src.document_processor.embedder - INFO - Initializing embedder with model sentence-transformers/all-MiniLM-L6-v2 on cpu
2025-02-27 21:28:02 - src.document_processor.embedder - INFO - Model loaded successfully: sentence-transformers/all-MiniLM-L6-v2
2025-02-27 21:28:29 - src.document_processor.embedder - INFO - Initializing embedder with model sentence-transformers/all-MiniLM-L6-v2 on cpu
2025-02-27 21:28:29 - src.document_processor.embedder - INFO - Model loaded successfully: sentence-transformers/all-MiniLM-L6-v2
2025-02-27 21:28:44 - app.pages.upload_page - INFO - Successfully processed resume: resume.pdf
2025-02-27 21:28:48 - app.pages.upload_page - INFO - Successfully processed job_description: jobdescription.txt
2025-02-27 21:28:49 - src.document_processor.embedder - INFO - Initializing embedder with model sentence-transformers/all-MiniLM-L6-v2 on cpu
2025-02-27 21:28:49 - src.document_processor.embedder - INFO - Model loaded successfully: sentence-transformers/all-MiniLM-L6-v2
2025-02-27 21:30:48 - src.nlp.summarizer - INFO - Initializing summarizer with model facebook/bart-large-cnn on cpu
2025-02-27 21:30:51 - src.document_processor.embedder - INFO - Initializing embedder with model sentence-transformers/all-MiniLM-L6-v2 on cpu
2025-02-27 21:30:52 - src.document_processor.embedder - INFO - Model loaded successfully: sentence-transformers/all-MiniLM-L6-v2
2025-02-27 21:31:13 - app.pages.upload_page - INFO - Successfully processed resume: jobdescription.txt
2025-02-27 21:31:18 - app.pages.upload_page - INFO - Successfully processed job_description: resume.pdf
2025-02-27 21:31:19 - src.document_processor.embedder - INFO - Initializing embedder with model sentence-transformers/all-MiniLM-L6-v2 on cpu
2025-02-27 21:31:26 - src.document_processor.embedder - INFO - Model loaded successfully: sentence-transformers/all-MiniLM-L6-v2
2025-02-27 21:31:30 - src.document_processor.embedder - INFO - Initializing embedder with model sentence-transformers/all-MiniLM-L6-v2 on cpu
2025-02-27 21:31:35 - src.document_processor.embedder - INFO - Model loaded successfully: sentence-transformers/all-MiniLM-L6-v2
2025-02-27 21:33:18 - huggingface_hub.file_download - WARNING - Error while downloading from https://cdn-lfs.hf.co/facebook/bart-large-cnn/40041830399afb5348525ef8354b007ecec4286fdf3524f7e6b54377e17096cb?response-content-disposition=inline%3B+filename*%3DUTF-8%27%27model.safetensors%3B+filename%3D%22model.safetensors%22%3B&Expires=1740675651&Policy=eyJTdGF0ZW1lbnQiOlt7IkNvbmRpdGlvbiI6eyJEYXRlTGVzc1RoYW4iOnsiQVdTOkVwb2NoVGltZSI6MTc0MDY3NTY1MX19LCJSZXNvdXJjZSI6Imh0dHBzOi8vY2RuLWxmcy5oZi5jby9mYWNlYm9vay9iYXJ0LWxhcmdlLWNubi80MDA0MTgzMDM5OWFmYjUzNDg1MjVlZjgzNTRiMDA3ZWNlYzQyODZmZGYzNTI0ZjdlNmI1NDM3N2UxNzA5NmNiP3Jlc3BvbnNlLWNvbnRlbnQtZGlzcG9zaXRpb249KiJ9XX0_&Signature=NzTJYxkEBcfzJ13tVu1Yld4p8Q1dkuMOiwepUqk5u1Qe72OLZnphk2gi3ve0Pg5LGH-cDXH5Czw8ZysjBfba3R1g-gpu5E9ki4msZY9Msg19QV3C7yYty%7EewgXahdKkZ-sfU55Y%7ElFyNd1sZgp96oT%7Eb9ORt2-38AmfQRGMgeDJ7jZS8%7EipCUfvkYA5mMedf6O273VN-kr8xVbbsPQ83Tnr1qnPKMFBGhhR-La7P2Y4GEmbdKT%7EWseb2JDszNvKLGj8TEjcMPtmmv0my7yzWb762Z9BTf%7Ep3yJfnPx%7E6Z1uGfEJjB8wFyucfkbGXtDd0QOPOKW4lUUgFddgfuqzAMA__&Key-Pair-Id=K3RPWS32NSSJCE: HTTPSConnectionPool(host='cdn-lfs.hf.co', port=443): Read timed out.
Trying to resume download...
2025-02-27 21:33:35 - src.nlp.summarizer - INFO - Initializing summarizer with model facebook/bart-large-cnn on cpu
2025-02-27 21:33:41 - huggingface_hub.file_download - WARNING - Error while downloading from https://cdn-lfs.hf.co/facebook/bart-large-cnn/40041830399afb5348525ef8354b007ecec4286fdf3524f7e6b54377e17096cb?response-content-disposition=inline%3B+filename*%3DUTF-8%27%27model.safetensors%3B+filename%3D%22model.safetensors%22%3B&Expires=1740675651&Policy=eyJTdGF0ZW1lbnQiOlt7IkNvbmRpdGlvbiI6eyJEYXRlTGVzc1RoYW4iOnsiQVdTOkVwb2NoVGltZSI6MTc0MDY3NTY1MX19LCJSZXNvdXJjZSI6Imh0dHBzOi8vY2RuLWxmcy5oZi5jby9mYWNlYm9vay9iYXJ0LWxhcmdlLWNubi80MDA0MTgzMDM5OWFmYjUzNDg1MjVlZjgzNTRiMDA3ZWNlYzQyODZmZGYzNTI0ZjdlNmI1NDM3N2UxNzA5NmNiP3Jlc3BvbnNlLWNvbnRlbnQtZGlzcG9zaXRpb249KiJ9XX0_&Signature=NzTJYxkEBcfzJ13tVu1Yld4p8Q1dkuMOiwepUqk5u1Qe72OLZnphk2gi3ve0Pg5LGH-cDXH5Czw8ZysjBfba3R1g-gpu5E9ki4msZY9Msg19QV3C7yYty%7EewgXahdKkZ-sfU55Y%7ElFyNd1sZgp96oT%7Eb9ORt2-38AmfQRGMgeDJ7jZS8%7EipCUfvkYA5mMedf6O273VN-kr8xVbbsPQ83Tnr1qnPKMFBGhhR-La7P2Y4GEmbdKT%7EWseb2JDszNvKLGj8TEjcMPtmmv0my7yzWb762Z9BTf%7Ep3yJfnPx%7E6Z1uGfEJjB8wFyucfkbGXtDd0QOPOKW4lUUgFddgfuqzAMA__&Key-Pair-Id=K3RPWS32NSSJCE: HTTPSConnectionPool(host='cdn-lfs.hf.co', port=443): Read timed out.
Trying to resume download...
2025-02-27 21:33:45 - src.document_processor.embedder - INFO - Initializing embedder with model sentence-transformers/all-MiniLM-L6-v2 on cpu
2025-02-27 21:33:48 - src.document_processor.embedder - INFO - Model loaded successfully: sentence-transformers/all-MiniLM-L6-v2
2025-02-27 21:33:58 - huggingface_hub.file_download - WARNING - Error while downloading from https://cdn-lfs.hf.co/facebook/bart-large-cnn/40041830399afb5348525ef8354b007ecec4286fdf3524f7e6b54377e17096cb?response-content-disposition=inline%3B+filename*%3DUTF-8%27%27model.safetensors%3B+filename%3D%22model.safetensors%22%3B&Expires=1740675651&Policy=eyJTdGF0ZW1lbnQiOlt7IkNvbmRpdGlvbiI6eyJEYXRlTGVzc1RoYW4iOnsiQVdTOkVwb2NoVGltZSI6MTc0MDY3NTY1MX19LCJSZXNvdXJjZSI6Imh0dHBzOi8vY2RuLWxmcy5oZi5jby9mYWNlYm9vay9iYXJ0LWxhcmdlLWNubi80MDA0MTgzMDM5OWFmYjUzNDg1MjVlZjgzNTRiMDA3ZWNlYzQyODZmZGYzNTI0ZjdlNmI1NDM3N2UxNzA5NmNiP3Jlc3BvbnNlLWNvbnRlbnQtZGlzcG9zaXRpb249KiJ9XX0_&Signature=NzTJYxkEBcfzJ13tVu1Yld4p8Q1dkuMOiwepUqk5u1Qe72OLZnphk2gi3ve0Pg5LGH-cDXH5Czw8ZysjBfba3R1g-gpu5E9ki4msZY9Msg19QV3C7yYty%7EewgXahdKkZ-sfU55Y%7ElFyNd1sZgp96oT%7Eb9ORt2-38AmfQRGMgeDJ7jZS8%7EipCUfvkYA5mMedf6O273VN-kr8xVbbsPQ83Tnr1qnPKMFBGhhR-La7P2Y4GEmbdKT%7EWseb2JDszNvKLGj8TEjcMPtmmv0my7yzWb762Z9BTf%7Ep3yJfnPx%7E6Z1uGfEJjB8wFyucfkbGXtDd0QOPOKW4lUUgFddgfuqzAMA__&Key-Pair-Id=K3RPWS32NSSJCE: HTTPSConnectionPool(host='cdn-lfs.hf.co', port=443): Read timed out.
Trying to resume download...
2025-02-27 21:34:24 - huggingface_hub.file_download - WARNING - Error while downloading from https://cdn-lfs.hf.co/facebook/bart-large-cnn/40041830399afb5348525ef8354b007ecec4286fdf3524f7e6b54377e17096cb?response-content-disposition=inline%3B+filename*%3DUTF-8%27%27model.safetensors%3B+filename%3D%22model.safetensors%22%3B&Expires=1740675651&Policy=eyJTdGF0ZW1lbnQiOlt7IkNvbmRpdGlvbiI6eyJEYXRlTGVzc1RoYW4iOnsiQVdTOkVwb2NoVGltZSI6MTc0MDY3NTY1MX19LCJSZXNvdXJjZSI6Imh0dHBzOi8vY2RuLWxmcy5oZi5jby9mYWNlYm9vay9iYXJ0LWxhcmdlLWNubi80MDA0MTgzMDM5OWFmYjUzNDg1MjVlZjgzNTRiMDA3ZWNlYzQyODZmZGYzNTI0ZjdlNmI1NDM3N2UxNzA5NmNiP3Jlc3BvbnNlLWNvbnRlbnQtZGlzcG9zaXRpb249KiJ9XX0_&Signature=NzTJYxkEBcfzJ13tVu1Yld4p8Q1dkuMOiwepUqk5u1Qe72OLZnphk2gi3ve0Pg5LGH-cDXH5Czw8ZysjBfba3R1g-gpu5E9ki4msZY9Msg19QV3C7yYty%7EewgXahdKkZ-sfU55Y%7ElFyNd1sZgp96oT%7Eb9ORt2-38AmfQRGMgeDJ7jZS8%7EipCUfvkYA5mMedf6O273VN-kr8xVbbsPQ83Tnr1qnPKMFBGhhR-La7P2Y4GEmbdKT%7EWseb2JDszNvKLGj8TEjcMPtmmv0my7yzWb762Z9BTf%7Ep3yJfnPx%7E6Z1uGfEJjB8wFyucfkbGXtDd0QOPOKW4lUUgFddgfuqzAMA__&Key-Pair-Id=K3RPWS32NSSJCE: HTTPSConnectionPool(host='cdn-lfs.hf.co', port=443): Read timed out.
Trying to resume download...
2025-02-27 21:34:43 - src.nlp.summarizer - ERROR - Error initializing summarizer: (ReadTimeoutError("HTTPSConnectionPool(host='cdn-lfs.hf.co', port=443): Read timed out. (read timeout=10)"), '(Request ID: 89315985-c537-4d37-909a-a03d4e1cf8d2)')
2025-02-27 21:34:43 - app.pages.analysis_page - ERROR - Error generating summary: (ReadTimeoutError("HTTPSConnectionPool(host='cdn-lfs.hf.co', port=443): Read timed out. (read timeout=10)"), '(Request ID: 89315985-c537-4d37-909a-a03d4e1cf8d2)')
2025-02-27 21:35:20 - src.nlp.summarizer - INFO - Initializing summarizer with model facebook/bart-large-cnn on cpu
2025-02-27 21:35:24 - src.document_processor.embedder - INFO - Initializing embedder with model sentence-transformers/all-MiniLM-L6-v2 on cpu
2025-02-27 21:35:44 - src.document_processor.embedder - INFO - Model loaded successfully: sentence-transformers/all-MiniLM-L6-v2
2025-02-27 21:36:08 - huggingface_hub.file_download - WARNING - Error while downloading from https://cdn-lfs.hf.co/facebook/bart-large-cnn/40041830399afb5348525ef8354b007ecec4286fdf3524f7e6b54377e17096cb?response-content-disposition=inline%3B+filename*%3DUTF-8%27%27model.safetensors%3B+filename%3D%22model.safetensors%22%3B&Expires=1740675821&Policy=eyJTdGF0ZW1lbnQiOlt7IkNvbmRpdGlvbiI6eyJEYXRlTGVzc1RoYW4iOnsiQVdTOkVwb2NoVGltZSI6MTc0MDY3NTgyMX19LCJSZXNvdXJjZSI6Imh0dHBzOi8vY2RuLWxmcy5oZi5jby9mYWNlYm9vay9iYXJ0LWxhcmdlLWNubi80MDA0MTgzMDM5OWFmYjUzNDg1MjVlZjgzNTRiMDA3ZWNlYzQyODZmZGYzNTI0ZjdlNmI1NDM3N2UxNzA5NmNiP3Jlc3BvbnNlLWNvbnRlbnQtZGlzcG9zaXRpb249KiJ9XX0_&Signature=MTM0bnwIBq-fuC388hk6UjwXgUdpsq7h17SIpb0J1la0%7ESpPJ-MUwfJ5%7EYHvEvAfzf1ptBX3g2kzszO98%7EqZ5A3XYS%7EgGVbAEwVPtv9ZJgIH23eYKK06cVD58RSRvexWZOotSN419c6dp7Oj7IO7fiQ2kdSzqjWnrudbuNNei4Ztc6vxS-aMM-y1kQU1nSwlNl6PwlsnlitvxUqc6-7ebs2JUq4m73b1WE--U7Z9HcP5URlfKYRVvJCVB53J5OeR1vOQazBf2kh8daTlBvghU%7EvAlE-yLBaB9C0Ua4i%7EZmTL4flT-jMFfcje-c0xJod4M5kZzYS0YMIoGxM-Qa7keQ__&Key-Pair-Id=K3RPWS32NSSJCE: HTTPSConnectionPool(host='cdn-lfs.hf.co', port=443): Read timed out.
Trying to resume download...
2025-02-27 21:36:18 - huggingface_hub.file_download - WARNING - Error while downloading from https://cdn-lfs.hf.co/facebook/bart-large-cnn/2ac2745c02ac987d82c78a14b426de58d5e4178ae8039ba1c6881eccff3e82f1?response-content-disposition=inline%3B+filename*%3DUTF-8%27%27pytorch_model.bin%3B+filename%3D%22pytorch_model.bin%22%3B&response-content-type=application%2Foctet-stream&Expires=1740675965&Policy=eyJTdGF0ZW1lbnQiOlt7IkNvbmRpdGlvbiI6eyJEYXRlTGVzc1RoYW4iOnsiQVdTOkVwb2NoVGltZSI6MTc0MDY3NTk2NX19LCJSZXNvdXJjZSI6Imh0dHBzOi8vY2RuLWxmcy5oZi5jby9mYWNlYm9vay9iYXJ0LWxhcmdlLWNubi8yYWMyNzQ1YzAyYWM5ODdkODJjNzhhMTRiNDI2ZGU1OGQ1ZTQxNzhhZTgwMzliYTFjNjg4MWVjY2ZmM2U4MmYxP3Jlc3BvbnNlLWNvbnRlbnQtZGlzcG9zaXRpb249KiZyZXNwb25zZS1jb250ZW50LXR5cGU9KiJ9XX0_&Signature=bI-f9xMb3X8TThwnD7LTXS%7Ecfma1EhishEHXYS5-XqwtwDomiuavAywsp2RDxgUhGVzFGA7bNxsYoF6v%7EVTf9svN1s3FxxPAlS%7EBy8xka%7EAQxq1oq9t0NsUk40lRsOm3p7RbKK2PLsGaY81drJIpMwMPjUEW%7E0gozguBbNtH4oMQkra05ZGnt8iZzvx0qitBQztW1843ZKyrAi-cgpH4D5g6CFDgp8Hx2lHOD4hmg%7EsWqXsKNgFbLAHYa7zJyNdiV3wH6avS0eGevs%7EZ4lIjLGpxAWi93Zx9SncrnLfpXYpCOXUEvUXMrj2OpvCOiPN673BqEUF8apQEa%7EFySPYu9A__&Key-Pair-Id=K3RPWS32NSSJCE: HTTPSConnectionPool(host='cdn-lfs.hf.co', port=443): Read timed out.
Trying to resume download...
2025-02-27 21:36:25 - huggingface_hub.file_download - WARNING - Error while downloading from https://cdn-lfs.hf.co/facebook/bart-large-cnn/40041830399afb5348525ef8354b007ecec4286fdf3524f7e6b54377e17096cb?response-content-disposition=inline%3B+filename*%3DUTF-8%27%27model.safetensors%3B+filename%3D%22model.safetensors%22%3B&Expires=1740675821&Policy=eyJTdGF0ZW1lbnQiOlt7IkNvbmRpdGlvbiI6eyJEYXRlTGVzc1RoYW4iOnsiQVdTOkVwb2NoVGltZSI6MTc0MDY3NTgyMX19LCJSZXNvdXJjZSI6Imh0dHBzOi8vY2RuLWxmcy5oZi5jby9mYWNlYm9vay9iYXJ0LWxhcmdlLWNubi80MDA0MTgzMDM5OWFmYjUzNDg1MjVlZjgzNTRiMDA3ZWNlYzQyODZmZGYzNTI0ZjdlNmI1NDM3N2UxNzA5NmNiP3Jlc3BvbnNlLWNvbnRlbnQtZGlzcG9zaXRpb249KiJ9XX0_&Signature=MTM0bnwIBq-fuC388hk6UjwXgUdpsq7h17SIpb0J1la0%7ESpPJ-MUwfJ5%7EYHvEvAfzf1ptBX3g2kzszO98%7EqZ5A3XYS%7EgGVbAEwVPtv9ZJgIH23eYKK06cVD58RSRvexWZOotSN419c6dp7Oj7IO7fiQ2kdSzqjWnrudbuNNei4Ztc6vxS-aMM-y1kQU1nSwlNl6PwlsnlitvxUqc6-7ebs2JUq4m73b1WE--U7Z9HcP5URlfKYRVvJCVB53J5OeR1vOQazBf2kh8daTlBvghU%7EvAlE-yLBaB9C0Ua4i%7EZmTL4flT-jMFfcje-c0xJod4M5kZzYS0YMIoGxM-Qa7keQ__&Key-Pair-Id=K3RPWS32NSSJCE: HTTPSConnectionPool(host='cdn-lfs.hf.co', port=443): Read timed out.
Trying to resume download...
2025-02-27 21:36:33 - src.nlp.summarizer - ERROR - Error initializing summarizer: (ReadTimeoutError("HTTPSConnectionPool(host='cdn-lfs.hf.co', port=443): Read timed out. (read timeout=10)"), '(Request ID: 335fd2f1-521f-4f93-a613-fcfa5d7ec533)')
2025-02-27 21:36:33 - app.pages.analysis_page - ERROR - Error generating summary: (ReadTimeoutError("HTTPSConnectionPool(host='cdn-lfs.hf.co', port=443): Read timed out. (read timeout=10)"), '(Request ID: 335fd2f1-521f-4f93-a613-fcfa5d7ec533)')
2025-02-27 21:39:06 - src.nlp.summarizer - INFO - Initializing summarizer with model facebook/bart-large-cnn on cpu
2025-02-27 21:39:12 - src.document_processor.embedder - INFO - Initializing embedder with model sentence-transformers/all-MiniLM-L6-v2 on cpu
2025-02-27 21:39:38 - src.document_processor.embedder - INFO - Model loaded successfully: sentence-transformers/all-MiniLM-L6-v2
2025-02-27 21:46:28 - huggingface_hub.file_download - WARNING - Error while downloading from https://cdn-lfs.hf.co/facebook/bart-large-cnn/40041830399afb5348525ef8354b007ecec4286fdf3524f7e6b54377e17096cb?response-content-disposition=inline%3B+filename*%3DUTF-8%27%27model.safetensors%3B+filename%3D%22model.safetensors%22%3B&Expires=1740675821&Policy=eyJTdGF0ZW1lbnQiOlt7IkNvbmRpdGlvbiI6eyJEYXRlTGVzc1RoYW4iOnsiQVdTOkVwb2NoVGltZSI6MTc0MDY3NTgyMX19LCJSZXNvdXJjZSI6Imh0dHBzOi8vY2RuLWxmcy5oZi5jby9mYWNlYm9vay9iYXJ0LWxhcmdlLWNubi80MDA0MTgzMDM5OWFmYjUzNDg1MjVlZjgzNTRiMDA3ZWNlYzQyODZmZGYzNTI0ZjdlNmI1NDM3N2UxNzA5NmNiP3Jlc3BvbnNlLWNvbnRlbnQtZGlzcG9zaXRpb249KiJ9XX0_&Signature=MTM0bnwIBq-fuC388hk6UjwXgUdpsq7h17SIpb0J1la0%7ESpPJ-MUwfJ5%7EYHvEvAfzf1ptBX3g2kzszO98%7EqZ5A3XYS%7EgGVbAEwVPtv9ZJgIH23eYKK06cVD58RSRvexWZOotSN419c6dp7Oj7IO7fiQ2kdSzqjWnrudbuNNei4Ztc6vxS-aMM-y1kQU1nSwlNl6PwlsnlitvxUqc6-7ebs2JUq4m73b1WE--U7Z9HcP5URlfKYRVvJCVB53J5OeR1vOQazBf2kh8daTlBvghU%7EvAlE-yLBaB9C0Ua4i%7EZmTL4flT-jMFfcje-c0xJod4M5kZzYS0YMIoGxM-Qa7keQ__&Key-Pair-Id=K3RPWS32NSSJCE: HTTPSConnectionPool(host='cdn-lfs.hf.co', port=443): Read timed out.
Trying to resume download...
2025-02-27 21:46:42 - src.nlp.summarizer - ERROR - Error initializing summarizer: (ReadTimeoutError("HTTPSConnectionPool(host='cdn-lfs.hf.co', port=443): Read timed out. (read timeout=10)"), '(Request ID: f99ece1a-c922-4cda-9291-b3289e4c06b8)')
2025-02-27 21:46:42 - app.pages.analysis_page - ERROR - Error generating summary: (ReadTimeoutError("HTTPSConnectionPool(host='cdn-lfs.hf.co', port=443): Read timed out. (read timeout=10)"), '(Request ID: f99ece1a-c922-4cda-9291-b3289e4c06b8)')
2025-02-27 21:46:53 - src.nlp.summarizer - ERROR - Error initializing summarizer: (ReadTimeoutError("HTTPSConnectionPool(host='cdn-lfs.hf.co', port=443): Read timed out. (read timeout=10)"), '(Request ID: 9ba1c17d-a0df-43e4-9d88-0926a8fe999b)')
2025-02-27 21:46:53 - app.pages.analysis_page - ERROR - Error generating summary: (ReadTimeoutError("HTTPSConnectionPool(host='cdn-lfs.hf.co', port=443): Read timed out. (read timeout=10)"), '(Request ID: 9ba1c17d-a0df-43e4-9d88-0926a8fe999b)')
2025-02-28 07:44:05 - src.document_processor.embedder - INFO - Initializing embedder with model sentence-transformers/all-MiniLM-L6-v2 on cpu
2025-02-28 07:44:06 - src.document_processor.embedder - INFO - Model loaded successfully: sentence-transformers/all-MiniLM-L6-v2
