2025-03-03 07:58:31 - root - INFO - Logging initialized. Log file: /Users/proxim/Desktop/Automated-First-Screener-and-AI-Job-Matching-NLP-WebEngine/logs/app_log_20250303_075831.log
2025-03-03 07:58:35 - app.pages.upload_page - INFO - Loaded 13 resumes from storage
2025-03-03 07:58:35 - app.pages.upload_page - INFO - Loaded 0 job descriptions from storage
2025-03-03 07:58:43 - app.pages.upload_page - INFO - Loaded 0 job descriptions from storage
2025-03-03 07:58:49 - app.pages.upload_page - INFO - Loaded 0 job descriptions from storage
2025-03-03 07:58:51 - app.pages.upload_page - INFO - Loaded 0 job descriptions from storage
2025-03-03 07:58:53 - app.pages.upload_page - INFO - Successfully processed resume: 91697974(1).pdf
2025-03-03 07:58:53 - app.pages.upload_page - INFO - Successfully processed resume: 91635250(1).pdf
2025-03-03 07:58:53 - app.pages.upload_page - INFO - Successfully processed resume: 91121135(1).pdf
2025-03-03 07:58:53 - app.pages.upload_page - INFO - Successfully processed resume: 90867631(1).pdf
2025-03-03 07:58:53 - app.pages.upload_page - INFO - Successfully processed resume: 89413122(1).pdf
2025-03-03 07:58:54 - app.pages.upload_page - INFO - Successfully processed resume: 83816738(1).pdf
2025-03-03 07:58:54 - app.pages.upload_page - INFO - Successfully processed resume: 81761658(1).pdf
2025-03-03 07:58:54 - app.pages.upload_page - INFO - Successfully processed resume: 79541391(1).pdf
2025-03-03 07:58:54 - app.pages.upload_page - INFO - Successfully processed resume: 70089206(1).pdf
2025-03-03 07:58:54 - app.pages.upload_page - INFO - Successfully processed resume: 68460556(1).pdf
2025-03-03 07:58:55 - app.pages.upload_page - INFO - Successfully processed resume: 66832845(1).pdf
2025-03-03 07:58:55 - app.pages.upload_page - INFO - Successfully processed resume: 64017585(1).pdf
2025-03-03 07:59:17 - app.pages.upload_page - INFO - Loaded 0 job descriptions from storage
2025-03-03 07:59:19 - app.pages.upload_page - INFO - Loaded 0 job descriptions from storage
2025-03-03 07:59:19 - app.pages.upload_page - INFO - Successfully processed job_description: 83816738.pdf
2025-03-03 07:59:25 - src.document_processor.embedder - INFO - Initializing embedder with model sentence-transformers/all-MiniLM-L6-v2 on cpu
2025-03-03 07:59:26 - src.document_processor.embedder - INFO - Model loaded successfully: sentence-transformers/all-MiniLM-L6-v2
2025-03-03 07:59:29 - src.document_processor.embedder - INFO - Initializing embedder with model sentence-transformers/all-MiniLM-L6-v2 on cpu
2025-03-03 07:59:29 - src.document_processor.embedder - INFO - Model loaded successfully: sentence-transformers/all-MiniLM-L6-v2
2025-03-03 08:00:03 - app.pages.upload_page - INFO - All documents cleared from storage
2025-03-03 08:00:03 - app.pages.upload_page - INFO - Loaded 0 resumes from storage
2025-03-03 08:00:03 - app.pages.upload_page - INFO - Loaded 0 job descriptions from storage
2025-03-03 08:00:08 - app.pages.upload_page - INFO - Loaded 0 resumes from storage
2025-03-03 08:00:08 - app.pages.upload_page - INFO - Loaded 0 job descriptions from storage
2025-03-03 08:00:10 - app.pages.upload_page - INFO - Loaded 0 resumes from storage
2025-03-03 08:00:10 - app.pages.upload_page - INFO - Loaded 0 job descriptions from storage
2025-03-03 08:00:10 - app.pages.upload_page - INFO - Successfully processed resume: 81761658.pdf
2025-03-03 08:00:11 - app.pages.upload_page - INFO - Successfully processed resume: 79541391.pdf
2025-03-03 08:00:11 - app.pages.upload_page - INFO - Successfully processed resume: 70089206.pdf
2025-03-03 08:00:11 - app.pages.upload_page - INFO - Successfully processed resume: 68460556.pdf
2025-03-03 08:00:11 - app.pages.upload_page - INFO - Successfully processed resume: 66832845.pdf
2025-03-03 08:00:11 - app.pages.upload_page - INFO - Successfully processed resume: 64017585.pdf
2025-03-03 08:00:11 - app.pages.upload_page - INFO - Successfully processed resume: 57002858.pdf
2025-03-03 08:00:11 - app.pages.upload_page - INFO - Successfully processed resume: 52618188.pdf
2025-03-03 08:00:11 - app.pages.upload_page - INFO - Successfully processed resume: 52246737.pdf
2025-03-03 08:00:12 - app.pages.upload_page - INFO - Successfully processed resume: 51639418.pdf
2025-03-03 08:00:12 - app.pages.upload_page - INFO - Successfully processed resume: 51363762.pdf
2025-03-03 08:00:12 - app.pages.upload_page - INFO - Successfully processed resume: 48037995.pdf
2025-03-03 08:00:12 - app.pages.upload_page - INFO - Successfully processed resume: 46260230.pdf
2025-03-03 08:00:12 - app.pages.upload_page - INFO - Successfully processed resume: 41344156.pdf
2025-03-03 08:00:12 - app.pages.upload_page - INFO - Successfully processed resume: 40018190.pdf
2025-03-03 08:00:19 - app.pages.upload_page - INFO - Loaded 0 job descriptions from storage
2025-03-03 08:00:20 - app.pages.upload_page - INFO - Loaded 0 job descriptions from storage
2025-03-03 08:00:20 - app.pages.upload_page - INFO - Successfully processed job_description: 92069209.pdf
2025-03-03 08:00:23 - src.document_processor.embedder - INFO - Initializing embedder with model sentence-transformers/all-MiniLM-L6-v2 on cpu
2025-03-03 08:00:24 - src.document_processor.embedder - INFO - Model loaded successfully: sentence-transformers/all-MiniLM-L6-v2
2025-03-03 08:00:27 - src.document_processor.embedder - INFO - Initializing embedder with model sentence-transformers/all-MiniLM-L6-v2 on cpu
2025-03-03 08:00:28 - src.document_processor.embedder - INFO - Model loaded successfully: sentence-transformers/all-MiniLM-L6-v2
2025-03-03 08:00:55 - src.document_processor.embedder - INFO - Initializing embedder with model sentence-transformers/all-MiniLM-L6-v2 on cpu
2025-03-03 08:00:56 - src.document_processor.embedder - INFO - Model loaded successfully: sentence-transformers/all-MiniLM-L6-v2
2025-03-03 08:00:59 - src.document_processor.embedder - INFO - Initializing embedder with model sentence-transformers/all-MiniLM-L6-v2 on cpu
2025-03-03 08:01:00 - src.document_processor.embedder - INFO - Model loaded successfully: sentence-transformers/all-MiniLM-L6-v2
2025-03-03 08:01:01 - src.document_processor.embedder - INFO - Initializing embedder with model sentence-transformers/all-MiniLM-L6-v2 on cpu
2025-03-03 08:01:01 - src.document_processor.embedder - INFO - Model loaded successfully: sentence-transformers/all-MiniLM-L6-v2
2025-03-03 08:01:04 - src.document_processor.embedder - INFO - Initializing embedder with model sentence-transformers/all-MiniLM-L6-v2 on cpu
2025-03-03 08:01:05 - src.document_processor.embedder - INFO - Model loaded successfully: sentence-transformers/all-MiniLM-L6-v2
2025-03-03 08:01:58 - src.document_processor.embedder - INFO - Initializing embedder with model sentence-transformers/all-MiniLM-L6-v2 on cpu
2025-03-03 08:01:59 - src.document_processor.embedder - INFO - Model loaded successfully: sentence-transformers/all-MiniLM-L6-v2
2025-03-03 08:02:13 - app.pages.upload_page - INFO - All documents cleared from storage
2025-03-03 08:02:14 - app.pages.upload_page - INFO - Loaded 0 resumes from storage
2025-03-03 08:02:14 - app.pages.upload_page - INFO - Loaded 0 job descriptions from storage
2025-03-03 08:02:14 - app.pages.upload_page - INFO - Loaded 0 resumes from storage
2025-03-03 08:02:14 - app.pages.upload_page - INFO - Loaded 0 job descriptions from storage
2025-03-03 08:02:14 - app.pages.upload_page - INFO - All documents cleared from storage
2025-03-03 08:02:14 - app.pages.upload_page - INFO - Loaded 0 resumes from storage
2025-03-03 08:02:14 - app.pages.upload_page - INFO - Loaded 0 job descriptions from storage
2025-03-03 08:02:21 - app.pages.upload_page - INFO - Loaded 0 resumes from storage
2025-03-03 08:02:21 - app.pages.upload_page - INFO - Loaded 0 job descriptions from storage
2025-03-03 08:02:23 - app.pages.upload_page - INFO - Loaded 0 resumes from storage
2025-03-03 08:02:23 - app.pages.upload_page - INFO - Loaded 0 job descriptions from storage
2025-03-03 08:02:23 - app.pages.upload_page - INFO - Successfully processed resume: 92069209.pdf
2025-03-03 08:02:23 - app.pages.upload_page - INFO - Successfully processed resume: 91697974.pdf
2025-03-03 08:02:23 - app.pages.upload_page - INFO - Successfully processed resume: 91635250.pdf
2025-03-03 08:02:23 - app.pages.upload_page - INFO - Successfully processed resume: 91121135.pdf
2025-03-03 08:02:23 - app.pages.upload_page - INFO - Successfully processed resume: 90867631.pdf
2025-03-03 08:02:24 - app.pages.upload_page - INFO - Successfully processed resume: 89413122.pdf
2025-03-03 08:02:24 - app.pages.upload_page - INFO - Successfully processed resume: 83816738.pdf
2025-03-03 08:02:24 - app.pages.upload_page - INFO - Successfully processed resume: 81761658.pdf
2025-03-03 08:02:29 - app.pages.upload_page - INFO - Loaded 0 job descriptions from storage
2025-03-03 08:02:30 - app.pages.upload_page - INFO - Loaded 0 job descriptions from storage
2025-03-03 08:02:30 - app.pages.upload_page - INFO - Successfully processed job_description: 92069209.pdf
2025-03-03 08:02:31 - src.document_processor.embedder - INFO - Initializing embedder with model sentence-transformers/all-MiniLM-L6-v2 on cpu
2025-03-03 08:02:32 - src.document_processor.embedder - INFO - Model loaded successfully: sentence-transformers/all-MiniLM-L6-v2
2025-03-03 08:02:35 - src.document_processor.embedder - INFO - Initializing embedder with model sentence-transformers/all-MiniLM-L6-v2 on cpu
2025-03-03 08:02:36 - src.document_processor.embedder - INFO - Model loaded successfully: sentence-transformers/all-MiniLM-L6-v2
2025-03-03 08:03:21 - src.document_processor.embedder - INFO - Initializing embedder with model sentence-transformers/all-MiniLM-L6-v2 on cpu
2025-03-03 08:03:21 - src.document_processor.embedder - INFO - Model loaded successfully: sentence-transformers/all-MiniLM-L6-v2
2025-03-03 08:03:24 - src.document_processor.embedder - INFO - Initializing embedder with model sentence-transformers/all-MiniLM-L6-v2 on cpu
2025-03-03 08:03:25 - src.document_processor.embedder - INFO - Model loaded successfully: sentence-transformers/all-MiniLM-L6-v2
2025-03-03 08:03:26 - src.document_processor.embedder - INFO - Initializing embedder with model sentence-transformers/all-MiniLM-L6-v2 on cpu
2025-03-03 08:03:26 - src.document_processor.embedder - INFO - Model loaded successfully: sentence-transformers/all-MiniLM-L6-v2
2025-03-03 08:05:48 - src.nlp.question_generator - WARNING - spaCy model 'en_core_web_sm' not available. Using basic NLP processing.
2025-03-03 08:05:55 - src.document_processor.embedder - INFO - Initializing embedder with model sentence-transformers/all-MiniLM-L6-v2 on cpu
2025-03-03 08:05:56 - src.document_processor.embedder - INFO - Model loaded successfully: sentence-transformers/all-MiniLM-L6-v2
2025-03-03 08:07:43 - src.document_processor.embedder - INFO - Initializing embedder with model sentence-transformers/all-MiniLM-L6-v2 on cpu
2025-03-03 08:07:44 - src.document_processor.embedder - INFO - Model loaded successfully: sentence-transformers/all-MiniLM-L6-v2
2025-03-03 08:14:50 - src.document_processor.embedder - INFO - Initializing embedder with model sentence-transformers/all-MiniLM-L6-v2 on cpu
2025-03-03 08:14:51 - src.document_processor.embedder - INFO - Model loaded successfully: sentence-transformers/all-MiniLM-L6-v2
2025-03-03 08:18:03 - src.document_processor.embedder - INFO - Initializing embedder with model sentence-transformers/all-MiniLM-L6-v2 on cpu
2025-03-03 08:18:04 - src.document_processor.embedder - INFO - Model loaded successfully: sentence-transformers/all-MiniLM-L6-v2
2025-03-03 08:18:15 - src.document_processor.embedder - INFO - Initializing embedder with model sentence-transformers/all-MiniLM-L6-v2 on cpu
2025-03-03 08:18:16 - src.document_processor.embedder - INFO - Model loaded successfully: sentence-transformers/all-MiniLM-L6-v2
2025-03-03 08:18:40 - src.document_processor.embedder - INFO - Initializing embedder with model sentence-transformers/all-MiniLM-L6-v2 on cpu
2025-03-03 08:18:41 - src.document_processor.embedder - INFO - Model loaded successfully: sentence-transformers/all-MiniLM-L6-v2
2025-03-03 08:18:42 - src.document_processor.embedder - INFO - Initializing embedder with model sentence-transformers/all-MiniLM-L6-v2 on cpu
2025-03-03 08:18:43 - src.document_processor.embedder - INFO - Model loaded successfully: sentence-transformers/all-MiniLM-L6-v2
2025-03-03 08:18:45 - src.document_processor.embedder - INFO - Initializing embedder with model sentence-transformers/all-MiniLM-L6-v2 on cpu
2025-03-03 08:18:46 - src.document_processor.embedder - INFO - Model loaded successfully: sentence-transformers/all-MiniLM-L6-v2
2025-03-03 08:18:50 - app.pages.upload_page - INFO - Loaded 8 resumes from storage
2025-03-03 08:18:50 - app.pages.upload_page - INFO - Loaded 1 job descriptions from storage
2025-03-03 08:18:53 - src.document_processor.embedder - INFO - Initializing embedder with model sentence-transformers/all-MiniLM-L6-v2 on cpu
2025-03-03 08:19:04 - src.document_processor.embedder - INFO - Model loaded successfully: sentence-transformers/all-MiniLM-L6-v2
2025-03-03 08:19:07 - src.document_processor.embedder - INFO - Initializing embedder with model sentence-transformers/all-MiniLM-L6-v2 on cpu
2025-03-03 08:19:08 - src.document_processor.embedder - INFO - Model loaded successfully: sentence-transformers/all-MiniLM-L6-v2
2025-03-03 08:21:50 - src.document_processor.embedder - INFO - Initializing embedder with model sentence-transformers/all-MiniLM-L6-v2 on cpu
2025-03-03 08:21:51 - src.document_processor.embedder - INFO - Model loaded successfully: sentence-transformers/all-MiniLM-L6-v2
