2025-03-23 15:14:55 - root - INFO - Logging initialized. Log file: /Users/proxim/Desktop/Automated-First-Screener-and-AI-Job-Matching-NLP-WebEngine/logs/app_log_20250323_151455.log
2025-03-23 15:15:03 - sentence_transformers.SentenceTransformer - INFO - Use pytorch device_name: mps
2025-03-23 15:15:03 - sentence_transformers.SentenceTransformer - INFO - Load pretrained SentenceTransformer: all-MiniLM-L6-v2
2025-03-23 15:15:07 - app.pages.upload_page - INFO - Loaded 9 resumes from storage
2025-03-23 15:15:07 - app.pages.upload_page - INFO - Loaded 2 job descriptions from storage
2025-03-23 15:15:16 - src.document_processor.embedder - INFO - Initializing embedder with pre-trained model sentence-transformers/all-MiniLM-L6-v2 on cpu
2025-03-23 15:15:16 - sentence_transformers.SentenceTransformer - INFO - Use pytorch device_name: mps
2025-03-23 15:15:16 - sentence_transformers.SentenceTransformer - INFO - Load pretrained SentenceTransformer: sentence-transformers/all-MiniLM-L6-v2
2025-03-23 15:15:20 - src.document_processor.embedder - INFO - Loaded model as SentenceTransformer: sentence-transformers/all-MiniLM-L6-v2
2025-03-23 15:15:26 - src.document_processor.embedder - INFO - Initializing embedder with pre-trained model sentence-transformers/all-MiniLM-L6-v2 on cpu
2025-03-23 15:15:26 - sentence_transformers.SentenceTransformer - INFO - Use pytorch device_name: mps
2025-03-23 15:15:26 - sentence_transformers.SentenceTransformer - INFO - Load pretrained SentenceTransformer: sentence-transformers/all-MiniLM-L6-v2
2025-03-23 15:15:30 - src.document_processor.embedder - INFO - Loaded model as SentenceTransformer: sentence-transformers/all-MiniLM-L6-v2
2025-03-23 15:15:33 - src.document_processor.embedder - INFO - Initializing embedder with pre-trained model sentence-transformers/all-MiniLM-L6-v2 on cpu
2025-03-23 15:15:33 - sentence_transformers.SentenceTransformer - INFO - Use pytorch device_name: mps
2025-03-23 15:15:33 - sentence_transformers.SentenceTransformer - INFO - Load pretrained SentenceTransformer: sentence-transformers/all-MiniLM-L6-v2
2025-03-23 15:15:41 - src.document_processor.embedder - INFO - Loaded model as SentenceTransformer: sentence-transformers/all-MiniLM-L6-v2
2025-03-23 15:15:46 - src.document_processor.embedder - INFO - Initializing embedder with pre-trained model sentence-transformers/all-MiniLM-L6-v2 on cpu
2025-03-23 15:15:46 - sentence_transformers.SentenceTransformer - INFO - Use pytorch device_name: mps
2025-03-23 15:15:46 - sentence_transformers.SentenceTransformer - INFO - Load pretrained SentenceTransformer: sentence-transformers/all-MiniLM-L6-v2
2025-03-23 15:15:51 - src.document_processor.embedder - INFO - Initializing embedder with pre-trained model sentence-transformers/all-MiniLM-L6-v2 on cpu
2025-03-23 15:15:51 - sentence_transformers.SentenceTransformer - INFO - Use pytorch device_name: mps
2025-03-23 15:15:51 - sentence_transformers.SentenceTransformer - INFO - Load pretrained SentenceTransformer: sentence-transformers/all-MiniLM-L6-v2
2025-03-23 15:15:56 - src.document_processor.embedder - INFO - Loaded model as SentenceTransformer: sentence-transformers/all-MiniLM-L6-v2
2025-03-23 15:15:57 - src.document_processor.embedder - INFO - Initializing embedder with pre-trained model sentence-transformers/all-MiniLM-L6-v2 on cpu
2025-03-23 15:15:57 - sentence_transformers.SentenceTransformer - INFO - Use pytorch device_name: mps
2025-03-23 15:15:57 - sentence_transformers.SentenceTransformer - INFO - Load pretrained SentenceTransformer: sentence-transformers/all-MiniLM-L6-v2
2025-03-23 15:15:58 - src.document_processor.embedder - INFO - Loaded model as SentenceTransformer: sentence-transformers/all-MiniLM-L6-v2
2025-03-23 15:15:59 - src.document_processor.embedder - INFO - Initializing embedder with pre-trained model sentence-transformers/all-MiniLM-L6-v2 on cpu
2025-03-23 15:15:59 - sentence_transformers.SentenceTransformer - INFO - Use pytorch device_name: mps
2025-03-23 15:15:59 - sentence_transformers.SentenceTransformer - INFO - Load pretrained SentenceTransformer: sentence-transformers/all-MiniLM-L6-v2
2025-03-23 15:16:00 - src.document_processor.embedder - INFO - Initializing embedder with pre-trained model sentence-transformers/all-MiniLM-L6-v2 on cpu
2025-03-23 15:16:00 - sentence_transformers.SentenceTransformer - INFO - Use pytorch device_name: mps
2025-03-23 15:16:00 - sentence_transformers.SentenceTransformer - INFO - Load pretrained SentenceTransformer: sentence-transformers/all-MiniLM-L6-v2
2025-03-23 15:16:00 - src.document_processor.embedder - INFO - Initializing embedder with pre-trained model sentence-transformers/all-MiniLM-L6-v2 on cpu
2025-03-23 15:16:00 - sentence_transformers.SentenceTransformer - INFO - Use pytorch device_name: mps
2025-03-23 15:16:00 - sentence_transformers.SentenceTransformer - INFO - Load pretrained SentenceTransformer: sentence-transformers/all-MiniLM-L6-v2
2025-03-23 15:16:02 - src.document_processor.embedder - INFO - Initializing embedder with pre-trained model sentence-transformers/all-MiniLM-L6-v2 on cpu
2025-03-23 15:16:02 - sentence_transformers.SentenceTransformer - INFO - Use pytorch device_name: mps
2025-03-23 15:16:02 - sentence_transformers.SentenceTransformer - INFO - Load pretrained SentenceTransformer: sentence-transformers/all-MiniLM-L6-v2
2025-03-23 15:16:03 - src.document_processor.embedder - INFO - Initializing embedder with pre-trained model sentence-transformers/all-MiniLM-L6-v2 on cpu
2025-03-23 15:16:03 - sentence_transformers.SentenceTransformer - INFO - Use pytorch device_name: mps
2025-03-23 15:16:03 - sentence_transformers.SentenceTransformer - INFO - Load pretrained SentenceTransformer: sentence-transformers/all-MiniLM-L6-v2
2025-03-23 15:16:04 - src.document_processor.embedder - INFO - Loaded model as SentenceTransformer: sentence-transformers/all-MiniLM-L6-v2
2025-03-23 15:16:04 - src.document_processor.embedder - INFO - Loaded model as SentenceTransformer: sentence-transformers/all-MiniLM-L6-v2
2025-03-23 15:16:05 - src.document_processor.embedder - INFO - Loaded model as SentenceTransformer: sentence-transformers/all-MiniLM-L6-v2
2025-03-23 15:16:06 - src.document_processor.embedder - INFO - Loaded model as SentenceTransformer: sentence-transformers/all-MiniLM-L6-v2
2025-03-23 15:16:07 - src.document_processor.embedder - INFO - Loaded model as SentenceTransformer: sentence-transformers/all-MiniLM-L6-v2
2025-03-23 15:16:08 - src.document_processor.embedder - INFO - Loaded model as SentenceTransformer: sentence-transformers/all-MiniLM-L6-v2
2025-03-23 15:16:09 - src.document_processor.embedder - INFO - Initializing embedder with pre-trained model sentence-transformers/all-MiniLM-L6-v2 on cpu
2025-03-23 15:16:09 - sentence_transformers.SentenceTransformer - INFO - Use pytorch device_name: mps
2025-03-23 15:16:09 - sentence_transformers.SentenceTransformer - INFO - Load pretrained SentenceTransformer: sentence-transformers/all-MiniLM-L6-v2
2025-03-23 15:16:13 - src.document_processor.embedder - INFO - Loaded model as SentenceTransformer: sentence-transformers/all-MiniLM-L6-v2
2025-03-23 15:16:17 - app.pages.analysis_page - INFO - Loaded job description: 92069209.pdf
2025-03-23 15:16:17 - app.pages.analysis_page - INFO - Loaded job description: jobdescription.txt
