2025-04-07 17:28:44 - root - INFO - Logging initialized. Log file: /Users/proxim/Desktop/Automated-First-Screener-and-AI-Job-Matching-NLP-WebEngine/logs/app_log_20250407_172844.log
2025-04-07 17:28:55 - sentence_transformers.SentenceTransformer - INFO - Use pytorch device_name: mps
2025-04-07 17:28:55 - sentence_transformers.SentenceTransformer - INFO - Load pretrained SentenceTransformer: all-MiniLM-L6-v2
2025-04-07 17:28:59 - app.pages.upload_page - INFO - Loaded 9 resumes from storage
2025-04-07 17:28:59 - app.pages.upload_page - INFO - Loaded 2 job descriptions from storage
2025-04-07 17:29:19 - src.document_processor.embedder - INFO - Initializing embedder with pre-trained model sentence-transformers/all-MiniLM-L6-v2 on cpu
2025-04-07 17:29:19 - sentence_transformers.SentenceTransformer - INFO - Use pytorch device_name: mps
2025-04-07 17:29:19 - sentence_transformers.SentenceTransformer - INFO - Load pretrained SentenceTransformer: sentence-transformers/all-MiniLM-L6-v2
2025-04-07 17:29:23 - src.document_processor.embedder - INFO - Loaded model as SentenceTransformer: sentence-transformers/all-MiniLM-L6-v2
2025-04-07 17:29:34 - src.document_processor.embedder - INFO - Initializing embedder with pre-trained model sentence-transformers/all-MiniLM-L6-v2 on cpu
2025-04-07 17:29:34 - sentence_transformers.SentenceTransformer - INFO - Use pytorch device_name: mps
2025-04-07 17:29:34 - sentence_transformers.SentenceTransformer - INFO - Load pretrained SentenceTransformer: sentence-transformers/all-MiniLM-L6-v2
2025-04-07 17:29:37 - src.document_processor.embedder - INFO - Loaded model as SentenceTransformer: sentence-transformers/all-MiniLM-L6-v2
2025-04-07 17:29:42 - src.document_processor.embedder - INFO - Initializing embedder with pre-trained model sentence-transformers/all-MiniLM-L6-v2 on cpu
2025-04-07 17:29:42 - sentence_transformers.SentenceTransformer - INFO - Use pytorch device_name: mps
2025-04-07 17:29:42 - sentence_transformers.SentenceTransformer - INFO - Load pretrained SentenceTransformer: sentence-transformers/all-MiniLM-L6-v2
2025-04-07 17:29:45 - src.document_processor.embedder - INFO - Loaded model as SentenceTransformer: sentence-transformers/all-MiniLM-L6-v2
2025-04-07 17:29:49 - src.document_processor.embedder - INFO - Initializing embedder with pre-trained model sentence-transformers/all-MiniLM-L6-v2 on cpu
2025-04-07 17:29:49 - sentence_transformers.SentenceTransformer - INFO - Use pytorch device_name: mps
2025-04-07 17:29:49 - sentence_transformers.SentenceTransformer - INFO - Load pretrained SentenceTransformer: sentence-transformers/all-MiniLM-L6-v2
2025-04-07 17:29:50 - src.document_processor.embedder - INFO - Initializing embedder with pre-trained model sentence-transformers/all-MiniLM-L6-v2 on cpu
2025-04-07 17:29:50 - sentence_transformers.SentenceTransformer - INFO - Use pytorch device_name: mps
2025-04-07 17:29:50 - sentence_transformers.SentenceTransformer - INFO - Load pretrained SentenceTransformer: sentence-transformers/all-MiniLM-L6-v2
2025-04-07 17:29:52 - src.document_processor.embedder - INFO - Loaded model as SentenceTransformer: sentence-transformers/all-MiniLM-L6-v2
2025-04-07 17:29:53 - src.document_processor.embedder - INFO - Loaded model as SentenceTransformer: sentence-transformers/all-MiniLM-L6-v2
2025-04-07 17:30:22 - src.document_processor.embedder - INFO - Initializing embedder with pre-trained model sentence-transformers/all-MiniLM-L6-v2 on cpu
2025-04-07 17:30:22 - sentence_transformers.SentenceTransformer - INFO - Use pytorch device_name: mps
2025-04-07 17:30:22 - sentence_transformers.SentenceTransformer - INFO - Load pretrained SentenceTransformer: sentence-transformers/all-MiniLM-L6-v2
2025-04-07 17:30:22 - src.document_processor.embedder - INFO - Initializing embedder with pre-trained model sentence-transformers/all-MiniLM-L6-v2 on cpu
2025-04-07 17:30:22 - sentence_transformers.SentenceTransformer - INFO - Use pytorch device_name: mps
2025-04-07 17:30:22 - sentence_transformers.SentenceTransformer - INFO - Load pretrained SentenceTransformer: sentence-transformers/all-MiniLM-L6-v2
2025-04-07 17:30:25 - src.document_processor.embedder - INFO - Loaded model as SentenceTransformer: sentence-transformers/all-MiniLM-L6-v2
2025-04-07 17:30:27 - src.document_processor.embedder - INFO - Loaded model as SentenceTransformer: sentence-transformers/all-MiniLM-L6-v2
2025-04-07 17:30:29 - app.pages.analysis_page - INFO - Loaded job description: 92069209.pdf
2025-04-07 17:30:29 - app.pages.analysis_page - INFO - Loaded job description: jobdescription.txt
