2025-02-28 07:45:38 - root - INFO - Logging initialized. Log file: /Users/proxim/Desktop/Automated-First-Screener-and-AI-Job-Matching-NLP-WebEngine/logs/app_log_20250228_074538.log
2025-02-28 07:58:41 - app.pages.upload_page - INFO - Successfully processed resume: resume.pdf
2025-02-28 07:58:44 - app.pages.upload_page - INFO - Successfully processed job_description: jobdescription.txt
2025-02-28 07:58:47 - src.document_processor.embedder - INFO - Initializing embedder with model sentence-transformers/all-MiniLM-L6-v2 on cpu
2025-02-28 07:58:49 - src.document_processor.embedder - INFO - Model loaded successfully: sentence-transformers/all-MiniLM-L6-v2
2025-02-28 07:58:52 - src.document_processor.embedder - INFO - Initializing embedder with model sentence-transformers/all-MiniLM-L6-v2 on cpu
2025-02-28 07:58:53 - src.document_processor.embedder - INFO - Model loaded successfully: sentence-transformers/all-MiniLM-L6-v2
2025-02-28 07:59:19 - src.nlp.summarizer - INFO - Initializing summarizer with model facebook/bart-large-cnn on cpu
2025-02-28 08:01:12 - src.nlp.summarizer - INFO - Summarizer initialized successfully
2025-02-28 08:01:12 - src.nlp.summarizer - INFO - Text too long (3823 tokens), splitting into chunks
2025-02-28 08:01:31 - src.nlp.summarizer - INFO - Combined chunk summaries still too long, summarizing again
2025-02-28 08:01:36 - src.nlp.summarizer - INFO - Initializing summarizer with model facebook/bart-large-cnn on cpu
2025-02-28 08:01:42 - src.nlp.summarizer - INFO - Summarizer initialized successfully
2025-02-28 08:02:34 - app.pages.upload_page - INFO - Successfully processed resume: resume.pdf
2025-02-28 08:02:39 - app.pages.upload_page - INFO - Successfully processed job_description: jobdescription.txt
2025-02-28 08:02:44 - src.document_processor.embedder - INFO - Initializing embedder with model sentence-transformers/all-MiniLM-L6-v2 on cpu
2025-02-28 08:02:45 - src.document_processor.embedder - INFO - Model loaded successfully: sentence-transformers/all-MiniLM-L6-v2
2025-02-28 08:02:53 - src.nlp.summarizer - INFO - Initializing summarizer with model facebook/bart-large-cnn on cpu
2025-02-28 08:03:00 - src.nlp.summarizer - INFO - Summarizer initialized successfully
2025-02-28 08:03:00 - src.nlp.summarizer - INFO - Text too long (3823 tokens), splitting into chunks
2025-02-28 08:03:18 - src.nlp.summarizer - INFO - Combined chunk summaries still too long, summarizing again
2025-02-28 08:07:22 - app.pages.upload_page - INFO - Successfully processed resume: resume.pdf
2025-02-28 08:07:27 - app.pages.upload_page - INFO - Successfully processed job_description: jobdescription.txt
2025-02-28 08:07:29 - src.document_processor.embedder - INFO - Initializing embedder with model sentence-transformers/all-MiniLM-L6-v2 on cpu
2025-02-28 08:07:30 - src.document_processor.embedder - INFO - Model loaded successfully: sentence-transformers/all-MiniLM-L6-v2
2025-02-28 08:09:26 - src.document_processor.embedder - INFO - Initializing embedder with model sentence-transformers/all-MiniLM-L6-v2 on cpu
2025-02-28 08:09:26 - src.document_processor.embedder - INFO - Model loaded successfully: sentence-transformers/all-MiniLM-L6-v2
