2025-03-05 09:17:48 - root - INFO - Logging initialized. Log file: /Users/proxim/Desktop/Automated-First-Screener-and-AI-Job-Matching-NLP-WebEngine/logs/app_log_20250305_091748.log
2025-03-05 09:17:53 - app.pages.upload_page - INFO - Loaded 9 resumes from storage
2025-03-05 09:17:53 - app.pages.upload_page - INFO - Loaded 2 job descriptions from storage
2025-03-05 09:17:57 - src.document_processor.embedder - INFO - Initializing embedder with model sentence-transformers/all-MiniLM-L6-v2 on cpu
2025-03-05 09:17:59 - src.document_processor.embedder - INFO - Model loaded successfully: sentence-transformers/all-MiniLM-L6-v2
2025-03-05 09:18:02 - src.document_processor.embedder - INFO - Initializing embedder with model sentence-transformers/all-MiniLM-L6-v2 on cpu
2025-03-05 09:18:03 - src.document_processor.embedder - INFO - Model loaded successfully: sentence-transformers/all-MiniLM-L6-v2
2025-03-05 09:18:05 - src.document_processor.embedder - INFO - Initializing embedder with model sentence-transformers/all-MiniLM-L6-v2 on cpu
2025-03-05 09:18:06 - src.document_processor.embedder - INFO - Model loaded successfully: sentence-transformers/all-MiniLM-L6-v2
2025-03-05 09:18:08 - src.document_processor.embedder - INFO - Initializing embedder with model sentence-transformers/all-MiniLM-L6-v2 on cpu
2025-03-05 09:18:08 - src.document_processor.embedder - INFO - Model loaded successfully: sentence-transformers/all-MiniLM-L6-v2
2025-03-05 09:18:10 - src.document_processor.embedder - INFO - Initializing embedder with model sentence-transformers/all-MiniLM-L6-v2 on cpu
2025-03-05 09:18:11 - src.document_processor.embedder - INFO - Model loaded successfully: sentence-transformers/all-MiniLM-L6-v2
2025-03-05 09:18:11 - src.document_processor.embedder - INFO - Initializing embedder with model sentence-transformers/all-MiniLM-L6-v2 on cpu
2025-03-05 09:18:12 - src.document_processor.embedder - INFO - Model loaded successfully: sentence-transformers/all-MiniLM-L6-v2
2025-03-05 09:18:14 - src.document_processor.embedder - INFO - Initializing embedder with model sentence-transformers/all-MiniLM-L6-v2 on cpu
2025-03-05 09:18:15 - src.document_processor.embedder - INFO - Model loaded successfully: sentence-transformers/all-MiniLM-L6-v2
2025-03-05 09:18:19 - app.pages.analysis_page - ERROR - HF API error: 400 - {"error":"Model requires a Pro subscription; check out hf.co/pricing to learn more. Make sure to include your HF token in your query."}
2025-03-05 09:18:19 - app.pages.analysis_page - ERROR - HF API error: 400 - {"error":"Model requires a Pro subscription; check out hf.co/pricing to learn more. Make sure to include your HF token in your query."}
2025-03-05 09:18:20 - app.pages.analysis_page - ERROR - HF API error: 400 - {"error":"Model requires a Pro subscription; check out hf.co/pricing to learn more. Make sure to include your HF token in your query."}
2025-03-05 09:18:20 - app.pages.analysis_page - ERROR - HF API error: 400 - {"error":"Model requires a Pro subscription; check out hf.co/pricing to learn more. Make sure to include your HF token in your query."}
2025-03-05 09:18:35 - app.pages.analysis_page - ERROR - HF API error: 400 - {"error":"Model requires a Pro subscription; check out hf.co/pricing to learn more. Make sure to include your HF token in your query."}
2025-03-05 09:18:36 - app.pages.analysis_page - ERROR - HF API error: 400 - {"error":"Model requires a Pro subscription; check out hf.co/pricing to learn more. Make sure to include your HF token in your query."}
2025-03-05 09:18:37 - app.pages.analysis_page - ERROR - HF API error: 400 - {"error":"Model requires a Pro subscription; check out hf.co/pricing to learn more. Make sure to include your HF token in your query."}
2025-03-05 09:18:37 - app.pages.analysis_page - ERROR - HF API error: 400 - {"error":"Model requires a Pro subscription; check out hf.co/pricing to learn more. Make sure to include your HF token in your query."}
2025-03-05 09:18:38 - app.pages.analysis_page - ERROR - HF API error: 400 - {"error":"Model requires a Pro subscription; check out hf.co/pricing to learn more. Make sure to include your HF token in your query."}
