2025-03-02 18:03:16 - root - INFO - Logging initialized. Log file: /Users/proxim/Desktop/Automated-First-Screener-and-AI-Job-Matching-NLP-WebEngine/logs/app_log_20250302_180316.log
2025-03-02 18:03:21 - app.pages.upload_page - INFO - Loaded 120 resumes from storage
2025-03-02 18:03:21 - app.pages.upload_page - INFO - Loaded 1 job descriptions from storage
2025-03-02 18:03:26 - app.pages.upload_page - INFO - All documents cleared from storage
2025-03-02 18:03:26 - app.pages.upload_page - INFO - Loaded 0 resumes from storage
2025-03-02 18:03:26 - app.pages.upload_page - INFO - Loaded 0 job descriptions from storage
2025-03-02 18:03:33 - app.pages.upload_page - INFO - Loaded 0 resumes from storage
2025-03-02 18:03:33 - app.pages.upload_page - INFO - Loaded 0 job descriptions from storage
2025-03-02 18:03:49 - app.pages.upload_page - INFO - Loaded 0 resumes from storage
2025-03-02 18:03:49 - app.pages.upload_page - INFO - Loaded 0 job descriptions from storage
2025-03-02 18:03:51 - app.pages.upload_page - INFO - Loaded 0 resumes from storage
2025-03-02 18:03:51 - app.pages.upload_page - INFO - Loaded 0 job descriptions from storage
2025-03-02 18:03:51 - app.pages.upload_page - INFO - All documents cleared from storage
2025-03-02 18:03:52 - app.pages.upload_page - INFO - Loaded 0 resumes from storage
2025-03-02 18:03:52 - app.pages.upload_page - INFO - Loaded 0 job descriptions from storage
2025-03-02 18:03:59 - app.pages.upload_page - INFO - Loaded 0 resumes from storage
2025-03-02 18:03:59 - app.pages.upload_page - INFO - Loaded 0 job descriptions from storage
2025-03-02 18:04:00 - app.pages.upload_page - INFO - Loaded 0 resumes from storage
2025-03-02 18:04:00 - app.pages.upload_page - INFO - Loaded 0 job descriptions from storage
2025-03-02 18:04:02 - app.pages.upload_page - INFO - Successfully processed resume: resume.pdf
2025-03-02 18:04:02 - app.pages.upload_page - INFO - Successfully processed resume: 91697974.pdf
2025-03-02 18:04:02 - app.pages.upload_page - INFO - Successfully processed resume: 91635250.pdf
2025-03-02 18:04:02 - app.pages.upload_page - INFO - Successfully processed resume: 91121135.pdf
2025-03-02 18:04:02 - app.pages.upload_page - INFO - Successfully processed resume: 90867631.pdf
2025-03-02 18:04:03 - app.pages.upload_page - INFO - Successfully processed resume: 89413122.pdf
2025-03-02 18:04:03 - app.pages.upload_page - INFO - Successfully processed resume: 83816738.pdf
2025-03-02 18:04:03 - app.pages.upload_page - INFO - Successfully processed resume: 81761658.pdf
2025-03-02 18:04:03 - app.pages.upload_page - INFO - Successfully processed resume: 79541391.pdf
2025-03-02 18:04:03 - app.pages.upload_page - INFO - Successfully processed resume: 70089206.pdf
2025-03-02 18:04:03 - app.pages.upload_page - INFO - Successfully processed resume: 68460556.pdf
2025-03-02 18:04:03 - app.pages.upload_page - INFO - Successfully processed resume: 66832845.pdf
2025-03-02 18:04:03 - app.pages.upload_page - INFO - Successfully processed resume: 64017585.pdf
