2025-03-03 18:01:42 - root - INFO - Logging initialized. Log file: /Users/proxim/Desktop/Automated-First-Screener-and-AI-Job-Matching-NLP-WebEngine/logs/app_log_20250303_180142.log
2025-03-03 18:01:46 - app.pages.upload_page - INFO - Loaded 8 resumes from storage
2025-03-03 18:01:46 - app.pages.upload_page - INFO - Loaded 1 job descriptions from storage
2025-03-03 18:01:48 - src.document_processor.embedder - INFO - Initializing embedder with model sentence-transformers/all-MiniLM-L6-v2 on cpu
2025-03-03 18:01:49 - src.document_processor.embedder - INFO - Model loaded successfully: sentence-transformers/all-MiniLM-L6-v2
2025-03-03 18:01:53 - src.document_processor.embedder - INFO - Initializing embedder with model sentence-transformers/all-MiniLM-L6-v2 on cpu
2025-03-03 18:01:54 - src.document_processor.embedder - INFO - Model loaded successfully: sentence-transformers/all-MiniLM-L6-v2
2025-03-03 18:02:04 - src.document_processor.embedder - INFO - Initializing embedder with model sentence-transformers/all-MiniLM-L6-v2 on cpu
2025-03-03 18:02:05 - src.document_processor.embedder - INFO - Model loaded successfully: sentence-transformers/all-MiniLM-L6-v2
2025-03-03 18:02:05 - src.document_processor.embedder - INFO - Initializing embedder with model sentence-transformers/all-MiniLM-L6-v2 on cpu
2025-03-03 18:02:05 - src.document_processor.embedder - INFO - Model loaded successfully: sentence-transformers/all-MiniLM-L6-v2
2025-03-03 18:02:12 - src.document_processor.embedder - INFO - Initializing embedder with model sentence-transformers/all-MiniLM-L6-v2 on cpu
2025-03-03 18:02:13 - src.document_processor.embedder - INFO - Model loaded successfully: sentence-transformers/all-MiniLM-L6-v2
2025-03-03 18:02:13 - src.document_processor.embedder - INFO - Initializing embedder with model sentence-transformers/all-MiniLM-L6-v2 on cpu
2025-03-03 18:02:14 - src.document_processor.embedder - INFO - Model loaded successfully: sentence-transformers/all-MiniLM-L6-v2
2025-03-03 18:02:44 - src.document_processor.embedder - INFO - Initializing embedder with model sentence-transformers/all-MiniLM-L6-v2 on cpu
2025-03-03 18:02:45 - src.document_processor.embedder - INFO - Model loaded successfully: sentence-transformers/all-MiniLM-L6-v2
2025-03-03 18:02:50 - src.document_processor.embedder - INFO - Initializing embedder with model sentence-transformers/all-MiniLM-L6-v2 on cpu
2025-03-03 18:02:51 - src.document_processor.embedder - INFO - Initializing embedder with model sentence-transformers/all-MiniLM-L6-v2 on cpu
2025-03-03 18:02:51 - src.document_processor.embedder - INFO - Model loaded successfully: sentence-transformers/all-MiniLM-L6-v2
2025-03-03 18:02:52 - src.document_processor.embedder - INFO - Model loaded successfully: sentence-transformers/all-MiniLM-L6-v2
2025-03-03 18:02:52 - src.document_processor.embedder - INFO - Initializing embedder with model sentence-transformers/all-MiniLM-L6-v2 on cpu
2025-03-03 18:02:53 - src.document_processor.embedder - INFO - Model loaded successfully: sentence-transformers/all-MiniLM-L6-v2
2025-03-03 18:02:54 - src.document_processor.embedder - INFO - Initializing embedder with model sentence-transformers/all-MiniLM-L6-v2 on cpu
2025-03-03 18:02:55 - src.document_processor.embedder - INFO - Model loaded successfully: sentence-transformers/all-MiniLM-L6-v2
2025-03-03 18:03:56 - src.document_processor.embedder - INFO - Initializing embedder with model sentence-transformers/all-MiniLM-L6-v2 on cpu
2025-03-03 18:03:57 - src.document_processor.embedder - INFO - Model loaded successfully: sentence-transformers/all-MiniLM-L6-v2
2025-03-03 18:04:06 - src.document_processor.embedder - INFO - Initializing embedder with model sentence-transformers/all-MiniLM-L6-v2 on cpu
2025-03-03 18:04:07 - src.document_processor.embedder - INFO - Model loaded successfully: sentence-transformers/all-MiniLM-L6-v2
2025-03-03 18:04:07 - src.document_processor.embedder - INFO - Initializing embedder with model sentence-transformers/all-MiniLM-L6-v2 on cpu
2025-03-03 18:04:08 - src.document_processor.embedder - INFO - Model loaded successfully: sentence-transformers/all-MiniLM-L6-v2
